Sat, 06 May 2023 13:15:40 GMT
Catch all error
Stack: Error [ERR_HTTP_HEADERS_SENT]: Cannot set headers after they are sent to the client
    at new NodeError (node:internal/errors:399:5)
    at ServerResponse.setHeader (node:_http_outgoing:663:11)
    at ServerResponse.header (D:\Orel\FULL STACK\שיעורי בית ותרגולים\AMPM\Backend\node_modules\express\lib\response.js:794:10)
    at ServerResponse.contentType (D:\Orel\FULL STACK\שיעורי בית ותרגולים\AMPM\Backend\node_modules\express\lib\response.js:624:15)
    at ServerResponse.sendStatus (D:\Orel\FULL STACK\שיעורי בית ותרגולים\AMPM\Backend\node_modules\express\lib\response.js:373:8)
    at D:\Orel\FULL STACK\שיעורי בית ותרגולים\AMPM\Backend\src\6-controllers\controller.ts:10:35
    at step (D:\Orel\FULL STACK\שיעורי בית ותרגולים\AMPM\Backend\src\6-controllers\controller.ts:33:23)
    at Object.next (D:\Orel\FULL STACK\שיעורי בית ותרגולים\AMPM\Backend\src\6-controllers\controller.ts:14:53)
    at fulfilled (D:\Orel\FULL STACK\שיעורי בית ותרגולים\AMPM\Backend\src\6-controllers\controller.ts:5:58)
    at processTicksAndRejections (node:internal/process/task_queues:95:5)
----------------------------------------------------------------------------------------------------
Sat, 06 May 2023 13:15:57 GMT
Catch all error
Stack: Error [ERR_HTTP_HEADERS_SENT]: Cannot set headers after they are sent to the client
    at new NodeError (node:internal/errors:399:5)
    at ServerResponse.setHeader (node:_http_outgoing:663:11)
    at ServerResponse.header (D:\Orel\FULL STACK\שיעורי בית ותרגולים\AMPM\Backend\node_modules\express\lib\response.js:794:10)
    at ServerResponse.contentType (D:\Orel\FULL STACK\שיעורי בית ותרגולים\AMPM\Backend\node_modules\express\lib\response.js:624:15)
    at ServerResponse.sendStatus (D:\Orel\FULL STACK\שיעורי בית ותרגולים\AMPM\Backend\node_modules\express\lib\response.js:373:8)
    at D:\Orel\FULL STACK\שיעורי בית ותרגולים\AMPM\Backend\src\6-controllers\controller.ts:10:35
    at step (D:\Orel\FULL STACK\שיעורי בית ותרגולים\AMPM\Backend\src\6-controllers\controller.ts:33:23)
    at Object.next (D:\Orel\FULL STACK\שיעורי בית ותרגולים\AMPM\Backend\src\6-controllers\controller.ts:14:53)
    at fulfilled (D:\Orel\FULL STACK\שיעורי בית ותרגולים\AMPM\Backend\src\6-controllers\controller.ts:5:58)
    at processTicksAndRejections (node:internal/process/task_queues:95:5)
----------------------------------------------------------------------------------------------------
Sat, 06 May 2023 13:28:25 GMT
Catch all error
Stack: Error [ERR_HTTP_HEADERS_SENT]: Cannot set headers after they are sent to the client
    at new NodeError (node:internal/errors:399:5)
    at ServerResponse.setHeader (node:_http_outgoing:663:11)
    at ServerResponse.header (D:\Orel\FULL STACK\שיעורי בית ותרגולים\AMPM\Backend\node_modules\express\lib\response.js:794:10)
    at ServerResponse.contentType (D:\Orel\FULL STACK\שיעורי בית ותרגולים\AMPM\Backend\node_modules\express\lib\response.js:624:15)
    at ServerResponse.sendStatus (D:\Orel\FULL STACK\שיעורי בית ותרגולים\AMPM\Backend\node_modules\express\lib\response.js:373:8)
    at D:\Orel\FULL STACK\שיעורי בית ותרגולים\AMPM\Backend\src\6-controllers\controller.ts:21:33
    at step (D:\Orel\FULL STACK\שיעורי בית ותרגולים\AMPM\Backend\src\6-controllers\controller.ts:33:23)
    at Object.next (D:\Orel\FULL STACK\שיעורי בית ותרגולים\AMPM\Backend\src\6-controllers\controller.ts:14:53)
    at fulfilled (D:\Orel\FULL STACK\שיעורי בית ותרגולים\AMPM\Backend\src\6-controllers\controller.ts:5:58)
    at processTicksAndRejections (node:internal/process/task_queues:95:5)
----------------------------------------------------------------------------------------------------
Sat, 06 May 2023 13:30:18 GMT
Catch all error
Stack: Error [ERR_HTTP_HEADERS_SENT]: Cannot set headers after they are sent to the client
    at new NodeError (node:internal/errors:399:5)
    at ServerResponse.setHeader (node:_http_outgoing:663:11)
    at ServerResponse.header (D:\Orel\FULL STACK\שיעורי בית ותרגולים\AMPM\Backend\node_modules\express\lib\response.js:794:10)
    at ServerResponse.contentType (D:\Orel\FULL STACK\שיעורי בית ותרגולים\AMPM\Backend\node_modules\express\lib\response.js:624:15)
    at ServerResponse.sendStatus (D:\Orel\FULL STACK\שיעורי בית ותרגולים\AMPM\Backend\node_modules\express\lib\response.js:373:8)
    at D:\Orel\FULL STACK\שיעורי בית ותרגולים\AMPM\Backend\src\6-controllers\controller.ts:21:33
    at step (D:\Orel\FULL STACK\שיעורי בית ותרגולים\AMPM\Backend\src\6-controllers\controller.ts:33:23)
    at Object.next (D:\Orel\FULL STACK\שיעורי בית ותרגולים\AMPM\Backend\src\6-controllers\controller.ts:14:53)
    at fulfilled (D:\Orel\FULL STACK\שיעורי בית ותרגולים\AMPM\Backend\src\6-controllers\controller.ts:5:58)
    at processTicksAndRejections (node:internal/process/task_queues:95:5)
----------------------------------------------------------------------------------------------------
Sat, 06 May 2023 13:30:23 GMT
Catch all error
Stack: Error [ERR_HTTP_HEADERS_SENT]: Cannot set headers after they are sent to the client
    at new NodeError (node:internal/errors:399:5)
    at ServerResponse.setHeader (node:_http_outgoing:663:11)
    at ServerResponse.header (D:\Orel\FULL STACK\שיעורי בית ותרגולים\AMPM\Backend\node_modules\express\lib\response.js:794:10)
    at ServerResponse.contentType (D:\Orel\FULL STACK\שיעורי בית ותרגולים\AMPM\Backend\node_modules\express\lib\response.js:624:15)
    at ServerResponse.sendStatus (D:\Orel\FULL STACK\שיעורי בית ותרגולים\AMPM\Backend\node_modules\express\lib\response.js:373:8)
    at D:\Orel\FULL STACK\שיעורי בית ותרגולים\AMPM\Backend\src\6-controllers\controller.ts:21:33
    at step (D:\Orel\FULL STACK\שיעורי בית ותרגולים\AMPM\Backend\src\6-controllers\controller.ts:33:23)
    at Object.next (D:\Orel\FULL STACK\שיעורי בית ותרגולים\AMPM\Backend\src\6-controllers\controller.ts:14:53)
    at fulfilled (D:\Orel\FULL STACK\שיעורי בית ותרגולים\AMPM\Backend\src\6-controllers\controller.ts:5:58)
    at processTicksAndRejections (node:internal/process/task_queues:95:5)
----------------------------------------------------------------------------------------------------
Sat, 06 May 2023 13:32:10 GMT
Catch all error
Stack: Error: ER_PARSE_ERROR: You have an error in your SQL syntax; check the manual that corresponds to your MariaDB server version for the right syntax to use near 'from 
    products AS p join categories AS c
    ON p.categoryId = c.category...' at line 2
    at Query.Sequence._packetToError (D:\Orel\FULL STACK\שיעורי בית ותרגולים\AMPM\Backend\node_modules\mysql\lib\protocol\sequences\Sequence.js:47:14)
    at Query.ErrorPacket (D:\Orel\FULL STACK\שיעורי בית ותרגולים\AMPM\Backend\node_modules\mysql\lib\protocol\sequences\Query.js:79:18)
    at Protocol._parsePacket (D:\Orel\FULL STACK\שיעורי בית ותרגולים\AMPM\Backend\node_modules\mysql\lib\protocol\Protocol.js:291:23)
    at Parser._parsePacket (D:\Orel\FULL STACK\שיעורי בית ותרגולים\AMPM\Backend\node_modules\mysql\lib\protocol\Parser.js:433:10)
    at Parser.write (D:\Orel\FULL STACK\שיעורי בית ותרגולים\AMPM\Backend\node_modules\mysql\lib\protocol\Parser.js:43:10)
    at Protocol.write (D:\Orel\FULL STACK\שיעורי בית ותרגולים\AMPM\Backend\node_modules\mysql\lib\protocol\Protocol.js:38:16)
    at Socket.<anonymous> (D:\Orel\FULL STACK\שיעורי בית ותרגולים\AMPM\Backend\node_modules\mysql\lib\Connection.js:88:28)
    at Socket.<anonymous> (D:\Orel\FULL STACK\שיעורי בית ותרגולים\AMPM\Backend\node_modules\mysql\lib\Connection.js:526:10)
    at Socket.emit (node:events:513:28)
    at Socket.emit (node:domain:489:12)
    --------------------
    at Pool.query (D:\Orel\FULL STACK\שיעורי בית ותרגולים\AMPM\Backend\node_modules\mysql\lib\Pool.js:199:23)
    at D:\Orel\FULL STACK\שיעורי בית ותרגולים\AMPM\Backend\src\2-utils\dal.ts:14:20
    at new Promise (<anonymous>)
    at Object.execute (D:\Orel\FULL STACK\שיעורי בית ותרגולים\AMPM\Backend\src\2-utils\dal.ts:13:12)
    at Object.<anonymous> (D:\Orel\FULL STACK\שיעורי בית ותרגולים\AMPM\Backend\src\5-logic\logic.ts:24:33)
    at step (D:\Orel\FULL STACK\שיעורי בית ותרגולים\AMPM\Backend\src\5-logic\logic.ts:33:23)
    at Object.next (D:\Orel\FULL STACK\שיעורי בית ותרגולים\AMPM\Backend\src\5-logic\logic.ts:14:53)
    at D:\Orel\FULL STACK\שיעורי בית ותרגולים\AMPM\Backend\src\5-logic\logic.ts:8:71
    at new Promise (<anonymous>)
    at __awaiter (D:\Orel\FULL STACK\שיעורי בית ותרגולים\AMPM\Backend\src\5-logic\logic.ts:4:12)
----------------------------------------------------------------------------------------------------
Sat, 06 May 2023 13:33:23 GMT
Catch all error
Stack: Error: ER_PARSE_ERROR: You have an error in your SQL syntax; check the manual that corresponds to your MariaDB server version for the right syntax to use near 'FROM products AS p join categories AS c
    ON p.categoryId = c.categoryId
  ...' at line 2
    at Query.Sequence._packetToError (D:\Orel\FULL STACK\שיעורי בית ותרגולים\AMPM\Backend\node_modules\mysql\lib\protocol\sequences\Sequence.js:47:14)
    at Query.ErrorPacket (D:\Orel\FULL STACK\שיעורי בית ותרגולים\AMPM\Backend\node_modules\mysql\lib\protocol\sequences\Query.js:79:18)
    at Protocol._parsePacket (D:\Orel\FULL STACK\שיעורי בית ותרגולים\AMPM\Backend\node_modules\mysql\lib\protocol\Protocol.js:291:23)
    at Parser._parsePacket (D:\Orel\FULL STACK\שיעורי בית ותרגולים\AMPM\Backend\node_modules\mysql\lib\protocol\Parser.js:433:10)
    at Parser.write (D:\Orel\FULL STACK\שיעורי בית ותרגולים\AMPM\Backend\node_modules\mysql\lib\protocol\Parser.js:43:10)
    at Protocol.write (D:\Orel\FULL STACK\שיעורי בית ותרגולים\AMPM\Backend\node_modules\mysql\lib\protocol\Protocol.js:38:16)
    at Socket.<anonymous> (D:\Orel\FULL STACK\שיעורי בית ותרגולים\AMPM\Backend\node_modules\mysql\lib\Connection.js:88:28)
    at Socket.<anonymous> (D:\Orel\FULL STACK\שיעורי בית ותרגולים\AMPM\Backend\node_modules\mysql\lib\Connection.js:526:10)
    at Socket.emit (node:events:513:28)
    at Socket.emit (node:domain:489:12)
    --------------------
    at Pool.query (D:\Orel\FULL STACK\שיעורי בית ותרגולים\AMPM\Backend\node_modules\mysql\lib\Pool.js:199:23)
    at D:\Orel\FULL STACK\שיעורי בית ותרגולים\AMPM\Backend\src\2-utils\dal.ts:14:20
    at new Promise (<anonymous>)
    at Object.execute (D:\Orel\FULL STACK\שיעורי בית ותרגולים\AMPM\Backend\src\2-utils\dal.ts:13:12)
    at Object.<anonymous> (D:\Orel\FULL STACK\שיעורי בית ותרגולים\AMPM\Backend\src\5-logic\logic.ts:24:33)
    at step (D:\Orel\FULL STACK\שיעורי בית ותרגולים\AMPM\Backend\src\5-logic\logic.ts:33:23)
    at Object.next (D:\Orel\FULL STACK\שיעורי בית ותרגולים\AMPM\Backend\src\5-logic\logic.ts:14:53)
    at D:\Orel\FULL STACK\שיעורי בית ותרגולים\AMPM\Backend\src\5-logic\logic.ts:8:71
    at new Promise (<anonymous>)
    at __awaiter (D:\Orel\FULL STACK\שיעורי בית ותרגולים\AMPM\Backend\src\5-logic\logic.ts:4:12)
----------------------------------------------------------------------------------------------------
Sat, 06 May 2023 13:33:54 GMT
Catch all error
Stack: Error: ER_PARSE_ERROR: You have an error in your SQL syntax; check the manual that corresponds to your MariaDB server version for the right syntax to use near 'FROM products AS p join categories AS c
    WHERE p.categoryId = 2
    ON p.c...' at line 2
    at Query.Sequence._packetToError (D:\Orel\FULL STACK\שיעורי בית ותרגולים\AMPM\Backend\node_modules\mysql\lib\protocol\sequences\Sequence.js:47:14)
    at Query.ErrorPacket (D:\Orel\FULL STACK\שיעורי בית ותרגולים\AMPM\Backend\node_modules\mysql\lib\protocol\sequences\Query.js:79:18)
    at Protocol._parsePacket (D:\Orel\FULL STACK\שיעורי בית ותרגולים\AMPM\Backend\node_modules\mysql\lib\protocol\Protocol.js:291:23)
    at Parser._parsePacket (D:\Orel\FULL STACK\שיעורי בית ותרגולים\AMPM\Backend\node_modules\mysql\lib\protocol\Parser.js:433:10)
    at Parser.write (D:\Orel\FULL STACK\שיעורי בית ותרגולים\AMPM\Backend\node_modules\mysql\lib\protocol\Parser.js:43:10)
    at Protocol.write (D:\Orel\FULL STACK\שיעורי בית ותרגולים\AMPM\Backend\node_modules\mysql\lib\protocol\Protocol.js:38:16)
    at Socket.<anonymous> (D:\Orel\FULL STACK\שיעורי בית ותרגולים\AMPM\Backend\node_modules\mysql\lib\Connection.js:88:28)
    at Socket.<anonymous> (D:\Orel\FULL STACK\שיעורי בית ותרגולים\AMPM\Backend\node_modules\mysql\lib\Connection.js:526:10)
    at Socket.emit (node:events:513:28)
    at Socket.emit (node:domain:489:12)
    --------------------
    at Pool.query (D:\Orel\FULL STACK\שיעורי בית ותרגולים\AMPM\Backend\node_modules\mysql\lib\Pool.js:199:23)
    at D:\Orel\FULL STACK\שיעורי בית ותרגולים\AMPM\Backend\src\2-utils\dal.ts:14:20
    at new Promise (<anonymous>)
    at Object.execute (D:\Orel\FULL STACK\שיעורי בית ותרגולים\AMPM\Backend\src\2-utils\dal.ts:13:12)
    at Object.<anonymous> (D:\Orel\FULL STACK\שיעורי בית ותרגולים\AMPM\Backend\src\5-logic\logic.ts:25:33)
    at step (D:\Orel\FULL STACK\שיעורי בית ותרגולים\AMPM\Backend\src\5-logic\logic.ts:33:23)
    at Object.next (D:\Orel\FULL STACK\שיעורי בית ותרגולים\AMPM\Backend\src\5-logic\logic.ts:14:53)
    at D:\Orel\FULL STACK\שיעורי בית ותרגולים\AMPM\Backend\src\5-logic\logic.ts:8:71
    at new Promise (<anonymous>)
    at __awaiter (D:\Orel\FULL STACK\שיעורי בית ותרגולים\AMPM\Backend\src\5-logic\logic.ts:4:12)
----------------------------------------------------------------------------------------------------
Sat, 06 May 2023 13:33:55 GMT
Catch all error
Stack: Error: ER_PARSE_ERROR: You have an error in your SQL syntax; check the manual that corresponds to your MariaDB server version for the right syntax to use near 'FROM products AS p join categories AS c
    WHERE p.categoryId = 2
    ON p.c...' at line 2
    at Query.Sequence._packetToError (D:\Orel\FULL STACK\שיעורי בית ותרגולים\AMPM\Backend\node_modules\mysql\lib\protocol\sequences\Sequence.js:47:14)
    at Query.ErrorPacket (D:\Orel\FULL STACK\שיעורי בית ותרגולים\AMPM\Backend\node_modules\mysql\lib\protocol\sequences\Query.js:79:18)
    at Protocol._parsePacket (D:\Orel\FULL STACK\שיעורי בית ותרגולים\AMPM\Backend\node_modules\mysql\lib\protocol\Protocol.js:291:23)
    at Parser._parsePacket (D:\Orel\FULL STACK\שיעורי בית ותרגולים\AMPM\Backend\node_modules\mysql\lib\protocol\Parser.js:433:10)
    at Parser.write (D:\Orel\FULL STACK\שיעורי בית ותרגולים\AMPM\Backend\node_modules\mysql\lib\protocol\Parser.js:43:10)
    at Protocol.write (D:\Orel\FULL STACK\שיעורי בית ותרגולים\AMPM\Backend\node_modules\mysql\lib\protocol\Protocol.js:38:16)
    at Socket.<anonymous> (D:\Orel\FULL STACK\שיעורי בית ותרגולים\AMPM\Backend\node_modules\mysql\lib\Connection.js:88:28)
    at Socket.<anonymous> (D:\Orel\FULL STACK\שיעורי בית ותרגולים\AMPM\Backend\node_modules\mysql\lib\Connection.js:526:10)
    at Socket.emit (node:events:513:28)
    at Socket.emit (node:domain:489:12)
    --------------------
    at Pool.query (D:\Orel\FULL STACK\שיעורי בית ותרגולים\AMPM\Backend\node_modules\mysql\lib\Pool.js:199:23)
    at D:\Orel\FULL STACK\שיעורי בית ותרגולים\AMPM\Backend\src\2-utils\dal.ts:14:20
    at new Promise (<anonymous>)
    at Object.execute (D:\Orel\FULL STACK\שיעורי בית ותרגולים\AMPM\Backend\src\2-utils\dal.ts:13:12)
    at Object.<anonymous> (D:\Orel\FULL STACK\שיעורי בית ותרגולים\AMPM\Backend\src\5-logic\logic.ts:25:33)
    at step (D:\Orel\FULL STACK\שיעורי בית ותרגולים\AMPM\Backend\src\5-logic\logic.ts:33:23)
    at Object.next (D:\Orel\FULL STACK\שיעורי בית ותרגולים\AMPM\Backend\src\5-logic\logic.ts:14:53)
    at D:\Orel\FULL STACK\שיעורי בית ותרגולים\AMPM\Backend\src\5-logic\logic.ts:8:71
    at new Promise (<anonymous>)
    at __awaiter (D:\Orel\FULL STACK\שיעורי בית ותרגולים\AMPM\Backend\src\5-logic\logic.ts:4:12)
----------------------------------------------------------------------------------------------------
Sat, 06 May 2023 13:34:28 GMT
Catch all error
Stack: Error: ER_PARSE_ERROR: You have an error in your SQL syntax; check the manual that corresponds to your MariaDB server version for the right syntax to use near 'FROM products AS p join categories AS c
    WHERE p.categoryId = 2
    ON p.c...' at line 2
    at Query.Sequence._packetToError (D:\Orel\FULL STACK\שיעורי בית ותרגולים\AMPM\Backend\node_modules\mysql\lib\protocol\sequences\Sequence.js:47:14)
    at Query.ErrorPacket (D:\Orel\FULL STACK\שיעורי בית ותרגולים\AMPM\Backend\node_modules\mysql\lib\protocol\sequences\Query.js:79:18)
    at Protocol._parsePacket (D:\Orel\FULL STACK\שיעורי בית ותרגולים\AMPM\Backend\node_modules\mysql\lib\protocol\Protocol.js:291:23)
    at Parser._parsePacket (D:\Orel\FULL STACK\שיעורי בית ותרגולים\AMPM\Backend\node_modules\mysql\lib\protocol\Parser.js:433:10)
    at Parser.write (D:\Orel\FULL STACK\שיעורי בית ותרגולים\AMPM\Backend\node_modules\mysql\lib\protocol\Parser.js:43:10)
    at Protocol.write (D:\Orel\FULL STACK\שיעורי בית ותרגולים\AMPM\Backend\node_modules\mysql\lib\protocol\Protocol.js:38:16)
    at Socket.<anonymous> (D:\Orel\FULL STACK\שיעורי בית ותרגולים\AMPM\Backend\node_modules\mysql\lib\Connection.js:88:28)
    at Socket.<anonymous> (D:\Orel\FULL STACK\שיעורי בית ותרגולים\AMPM\Backend\node_modules\mysql\lib\Connection.js:526:10)
    at Socket.emit (node:events:513:28)
    at Socket.emit (node:domain:489:12)
    --------------------
    at Pool.query (D:\Orel\FULL STACK\שיעורי בית ותרגולים\AMPM\Backend\node_modules\mysql\lib\Pool.js:199:23)
    at D:\Orel\FULL STACK\שיעורי בית ותרגולים\AMPM\Backend\src\2-utils\dal.ts:14:20
    at new Promise (<anonymous>)
    at Object.execute (D:\Orel\FULL STACK\שיעורי בית ותרגולים\AMPM\Backend\src\2-utils\dal.ts:13:12)
    at Object.<anonymous> (D:\Orel\FULL STACK\שיעורי בית ותרגולים\AMPM\Backend\src\5-logic\logic.ts:25:33)
    at step (D:\Orel\FULL STACK\שיעורי בית ותרגולים\AMPM\Backend\src\5-logic\logic.ts:33:23)
    at Object.next (D:\Orel\FULL STACK\שיעורי בית ותרגולים\AMPM\Backend\src\5-logic\logic.ts:14:53)
    at D:\Orel\FULL STACK\שיעורי בית ותרגולים\AMPM\Backend\src\5-logic\logic.ts:8:71
    at new Promise (<anonymous>)
    at __awaiter (D:\Orel\FULL STACK\שיעורי בית ותרגולים\AMPM\Backend\src\5-logic\logic.ts:4:12)
----------------------------------------------------------------------------------------------------
Sat, 06 May 2023 13:34:32 GMT
Catch all error
Stack: Error: ER_PARSE_ERROR: You have an error in your SQL syntax; check the manual that corresponds to your MariaDB server version for the right syntax to use near 'FROM products AS p join categories AS c
    WHERE p.categoryId = 1
    ON p.c...' at line 2
    at Query.Sequence._packetToError (D:\Orel\FULL STACK\שיעורי בית ותרגולים\AMPM\Backend\node_modules\mysql\lib\protocol\sequences\Sequence.js:47:14)
    at Query.ErrorPacket (D:\Orel\FULL STACK\שיעורי בית ותרגולים\AMPM\Backend\node_modules\mysql\lib\protocol\sequences\Query.js:79:18)
    at Protocol._parsePacket (D:\Orel\FULL STACK\שיעורי בית ותרגולים\AMPM\Backend\node_modules\mysql\lib\protocol\Protocol.js:291:23)
    at Parser._parsePacket (D:\Orel\FULL STACK\שיעורי בית ותרגולים\AMPM\Backend\node_modules\mysql\lib\protocol\Parser.js:433:10)
    at Parser.write (D:\Orel\FULL STACK\שיעורי בית ותרגולים\AMPM\Backend\node_modules\mysql\lib\protocol\Parser.js:43:10)
    at Protocol.write (D:\Orel\FULL STACK\שיעורי בית ותרגולים\AMPM\Backend\node_modules\mysql\lib\protocol\Protocol.js:38:16)
    at Socket.<anonymous> (D:\Orel\FULL STACK\שיעורי בית ותרגולים\AMPM\Backend\node_modules\mysql\lib\Connection.js:88:28)
    at Socket.<anonymous> (D:\Orel\FULL STACK\שיעורי בית ותרגולים\AMPM\Backend\node_modules\mysql\lib\Connection.js:526:10)
    at Socket.emit (node:events:513:28)
    at Socket.emit (node:domain:489:12)
    --------------------
    at Pool.query (D:\Orel\FULL STACK\שיעורי בית ותרגולים\AMPM\Backend\node_modules\mysql\lib\Pool.js:199:23)
    at D:\Orel\FULL STACK\שיעורי בית ותרגולים\AMPM\Backend\src\2-utils\dal.ts:14:20
    at new Promise (<anonymous>)
    at Object.execute (D:\Orel\FULL STACK\שיעורי בית ותרגולים\AMPM\Backend\src\2-utils\dal.ts:13:12)
    at Object.<anonymous> (D:\Orel\FULL STACK\שיעורי בית ותרגולים\AMPM\Backend\src\5-logic\logic.ts:25:33)
    at step (D:\Orel\FULL STACK\שיעורי בית ותרגולים\AMPM\Backend\src\5-logic\logic.ts:33:23)
    at Object.next (D:\Orel\FULL STACK\שיעורי בית ותרגולים\AMPM\Backend\src\5-logic\logic.ts:14:53)
    at D:\Orel\FULL STACK\שיעורי בית ותרגולים\AMPM\Backend\src\5-logic\logic.ts:8:71
    at new Promise (<anonymous>)
    at __awaiter (D:\Orel\FULL STACK\שיעורי בית ותרגולים\AMPM\Backend\src\5-logic\logic.ts:4:12)
----------------------------------------------------------------------------------------------------
Sat, 06 May 2023 13:34:58 GMT
Catch all error
Stack: Error: ER_PARSE_ERROR: You have an error in your SQL syntax; check the manual that corresponds to your MariaDB server version for the right syntax to use near 'FROM products AS p join categories AS c
    WHERE p.categoryId = 1
    ON p.c...' at line 2
    at Query.Sequence._packetToError (D:\Orel\FULL STACK\שיעורי בית ותרגולים\AMPM\Backend\node_modules\mysql\lib\protocol\sequences\Sequence.js:47:14)
    at Query.ErrorPacket (D:\Orel\FULL STACK\שיעורי בית ותרגולים\AMPM\Backend\node_modules\mysql\lib\protocol\sequences\Query.js:79:18)
    at Protocol._parsePacket (D:\Orel\FULL STACK\שיעורי בית ותרגולים\AMPM\Backend\node_modules\mysql\lib\protocol\Protocol.js:291:23)
    at Parser._parsePacket (D:\Orel\FULL STACK\שיעורי בית ותרגולים\AMPM\Backend\node_modules\mysql\lib\protocol\Parser.js:433:10)
    at Parser.write (D:\Orel\FULL STACK\שיעורי בית ותרגולים\AMPM\Backend\node_modules\mysql\lib\protocol\Parser.js:43:10)
    at Protocol.write (D:\Orel\FULL STACK\שיעורי בית ותרגולים\AMPM\Backend\node_modules\mysql\lib\protocol\Protocol.js:38:16)
    at Socket.<anonymous> (D:\Orel\FULL STACK\שיעורי בית ותרגולים\AMPM\Backend\node_modules\mysql\lib\Connection.js:88:28)
    at Socket.<anonymous> (D:\Orel\FULL STACK\שיעורי בית ותרגולים\AMPM\Backend\node_modules\mysql\lib\Connection.js:526:10)
    at Socket.emit (node:events:513:28)
    at Socket.emit (node:domain:489:12)
    --------------------
    at Pool.query (D:\Orel\FULL STACK\שיעורי בית ותרגולים\AMPM\Backend\node_modules\mysql\lib\Pool.js:199:23)
    at D:\Orel\FULL STACK\שיעורי בית ותרגולים\AMPM\Backend\src\2-utils\dal.ts:14:20
    at new Promise (<anonymous>)
    at Object.execute (D:\Orel\FULL STACK\שיעורי בית ותרגולים\AMPM\Backend\src\2-utils\dal.ts:13:12)
    at Object.<anonymous> (D:\Orel\FULL STACK\שיעורי בית ותרגולים\AMPM\Backend\src\5-logic\logic.ts:25:33)
    at step (D:\Orel\FULL STACK\שיעורי בית ותרגולים\AMPM\Backend\src\5-logic\logic.ts:33:23)
    at Object.next (D:\Orel\FULL STACK\שיעורי בית ותרגולים\AMPM\Backend\src\5-logic\logic.ts:14:53)
    at D:\Orel\FULL STACK\שיעורי בית ותרגולים\AMPM\Backend\src\5-logic\logic.ts:8:71
    at new Promise (<anonymous>)
    at __awaiter (D:\Orel\FULL STACK\שיעורי בית ותרגולים\AMPM\Backend\src\5-logic\logic.ts:4:12)
----------------------------------------------------------------------------------------------------
Sat, 06 May 2023 13:35:42 GMT
Catch all error
Stack: Error: ER_PARSE_ERROR: You have an error in your SQL syntax; check the manual that corresponds to your MariaDB server version for the right syntax to use near 'FROM products AS p JOIN categories AS c
    WHERE p.categoryId = 1
    ON p.c...' at line 2
    at Query.Sequence._packetToError (D:\Orel\FULL STACK\שיעורי בית ותרגולים\AMPM\Backend\node_modules\mysql\lib\protocol\sequences\Sequence.js:47:14)
    at Query.ErrorPacket (D:\Orel\FULL STACK\שיעורי בית ותרגולים\AMPM\Backend\node_modules\mysql\lib\protocol\sequences\Query.js:79:18)
    at Protocol._parsePacket (D:\Orel\FULL STACK\שיעורי בית ותרגולים\AMPM\Backend\node_modules\mysql\lib\protocol\Protocol.js:291:23)
    at Parser._parsePacket (D:\Orel\FULL STACK\שיעורי בית ותרגולים\AMPM\Backend\node_modules\mysql\lib\protocol\Parser.js:433:10)
    at Parser.write (D:\Orel\FULL STACK\שיעורי בית ותרגולים\AMPM\Backend\node_modules\mysql\lib\protocol\Parser.js:43:10)
    at Protocol.write (D:\Orel\FULL STACK\שיעורי בית ותרגולים\AMPM\Backend\node_modules\mysql\lib\protocol\Protocol.js:38:16)
    at Socket.<anonymous> (D:\Orel\FULL STACK\שיעורי בית ותרגולים\AMPM\Backend\node_modules\mysql\lib\Connection.js:88:28)
    at Socket.<anonymous> (D:\Orel\FULL STACK\שיעורי בית ותרגולים\AMPM\Backend\node_modules\mysql\lib\Connection.js:526:10)
    at Socket.emit (node:events:513:28)
    at Socket.emit (node:domain:489:12)
    --------------------
    at Pool.query (D:\Orel\FULL STACK\שיעורי בית ותרגולים\AMPM\Backend\node_modules\mysql\lib\Pool.js:199:23)
    at D:\Orel\FULL STACK\שיעורי בית ותרגולים\AMPM\Backend\src\2-utils\dal.ts:14:20
    at new Promise (<anonymous>)
    at Object.execute (D:\Orel\FULL STACK\שיעורי בית ותרגולים\AMPM\Backend\src\2-utils\dal.ts:13:12)
    at Object.<anonymous> (D:\Orel\FULL STACK\שיעורי בית ותרגולים\AMPM\Backend\src\5-logic\logic.ts:25:33)
    at step (D:\Orel\FULL STACK\שיעורי בית ותרגולים\AMPM\Backend\src\5-logic\logic.ts:33:23)
    at Object.next (D:\Orel\FULL STACK\שיעורי בית ותרגולים\AMPM\Backend\src\5-logic\logic.ts:14:53)
    at D:\Orel\FULL STACK\שיעורי בית ותרגולים\AMPM\Backend\src\5-logic\logic.ts:8:71
    at new Promise (<anonymous>)
    at __awaiter (D:\Orel\FULL STACK\שיעורי בית ותרגולים\AMPM\Backend\src\5-logic\logic.ts:4:12)
----------------------------------------------------------------------------------------------------
Sat, 06 May 2023 13:36:02 GMT
Catch all error
Stack: Error: ER_PARSE_ERROR: You have an error in your SQL syntax; check the manual that corresponds to your MariaDB server version for the right syntax to use near 'FROM products AS p JOIN categories AS c,
    WHERE p.categoryId = 1
    ON p....' at line 2
    at Query.Sequence._packetToError (D:\Orel\FULL STACK\שיעורי בית ותרגולים\AMPM\Backend\node_modules\mysql\lib\protocol\sequences\Sequence.js:47:14)
    at Query.ErrorPacket (D:\Orel\FULL STACK\שיעורי בית ותרגולים\AMPM\Backend\node_modules\mysql\lib\protocol\sequences\Query.js:79:18)
    at Protocol._parsePacket (D:\Orel\FULL STACK\שיעורי בית ותרגולים\AMPM\Backend\node_modules\mysql\lib\protocol\Protocol.js:291:23)
    at Parser._parsePacket (D:\Orel\FULL STACK\שיעורי בית ותרגולים\AMPM\Backend\node_modules\mysql\lib\protocol\Parser.js:433:10)
    at Parser.write (D:\Orel\FULL STACK\שיעורי בית ותרגולים\AMPM\Backend\node_modules\mysql\lib\protocol\Parser.js:43:10)
    at Protocol.write (D:\Orel\FULL STACK\שיעורי בית ותרגולים\AMPM\Backend\node_modules\mysql\lib\protocol\Protocol.js:38:16)
    at Socket.<anonymous> (D:\Orel\FULL STACK\שיעורי בית ותרגולים\AMPM\Backend\node_modules\mysql\lib\Connection.js:88:28)
    at Socket.<anonymous> (D:\Orel\FULL STACK\שיעורי בית ותרגולים\AMPM\Backend\node_modules\mysql\lib\Connection.js:526:10)
    at Socket.emit (node:events:513:28)
    at Socket.emit (node:domain:489:12)
    --------------------
    at Pool.query (D:\Orel\FULL STACK\שיעורי בית ותרגולים\AMPM\Backend\node_modules\mysql\lib\Pool.js:199:23)
    at D:\Orel\FULL STACK\שיעורי בית ותרגולים\AMPM\Backend\src\2-utils\dal.ts:14:20
    at new Promise (<anonymous>)
    at Object.execute (D:\Orel\FULL STACK\שיעורי בית ותרגולים\AMPM\Backend\src\2-utils\dal.ts:13:12)
    at Object.<anonymous> (D:\Orel\FULL STACK\שיעורי בית ותרגולים\AMPM\Backend\src\5-logic\logic.ts:25:33)
    at step (D:\Orel\FULL STACK\שיעורי בית ותרגולים\AMPM\Backend\src\5-logic\logic.ts:33:23)
    at Object.next (D:\Orel\FULL STACK\שיעורי בית ותרגולים\AMPM\Backend\src\5-logic\logic.ts:14:53)
    at D:\Orel\FULL STACK\שיעורי בית ותרגולים\AMPM\Backend\src\5-logic\logic.ts:8:71
    at new Promise (<anonymous>)
    at __awaiter (D:\Orel\FULL STACK\שיעורי בית ותרגולים\AMPM\Backend\src\5-logic\logic.ts:4:12)
----------------------------------------------------------------------------------------------------
Sat, 06 May 2023 13:36:11 GMT
Catch all error
Stack: Error: ER_PARSE_ERROR: You have an error in your SQL syntax; check the manual that corresponds to your MariaDB server version for the right syntax to use near 'FROM products AS p JOIN categories AS c,
    WHERE p.categoryId = 1,
    ON p...' at line 2
    at Query.Sequence._packetToError (D:\Orel\FULL STACK\שיעורי בית ותרגולים\AMPM\Backend\node_modules\mysql\lib\protocol\sequences\Sequence.js:47:14)
    at Query.ErrorPacket (D:\Orel\FULL STACK\שיעורי בית ותרגולים\AMPM\Backend\node_modules\mysql\lib\protocol\sequences\Query.js:79:18)
    at Protocol._parsePacket (D:\Orel\FULL STACK\שיעורי בית ותרגולים\AMPM\Backend\node_modules\mysql\lib\protocol\Protocol.js:291:23)
    at Parser._parsePacket (D:\Orel\FULL STACK\שיעורי בית ותרגולים\AMPM\Backend\node_modules\mysql\lib\protocol\Parser.js:433:10)
    at Parser.write (D:\Orel\FULL STACK\שיעורי בית ותרגולים\AMPM\Backend\node_modules\mysql\lib\protocol\Parser.js:43:10)
    at Protocol.write (D:\Orel\FULL STACK\שיעורי בית ותרגולים\AMPM\Backend\node_modules\mysql\lib\protocol\Protocol.js:38:16)
    at Socket.<anonymous> (D:\Orel\FULL STACK\שיעורי בית ותרגולים\AMPM\Backend\node_modules\mysql\lib\Connection.js:88:28)
    at Socket.<anonymous> (D:\Orel\FULL STACK\שיעורי בית ותרגולים\AMPM\Backend\node_modules\mysql\lib\Connection.js:526:10)
    at Socket.emit (node:events:513:28)
    at Socket.emit (node:domain:489:12)
    --------------------
    at Pool.query (D:\Orel\FULL STACK\שיעורי בית ותרגולים\AMPM\Backend\node_modules\mysql\lib\Pool.js:199:23)
    at D:\Orel\FULL STACK\שיעורי בית ותרגולים\AMPM\Backend\src\2-utils\dal.ts:14:20
    at new Promise (<anonymous>)
    at Object.execute (D:\Orel\FULL STACK\שיעורי בית ותרגולים\AMPM\Backend\src\2-utils\dal.ts:13:12)
    at Object.<anonymous> (D:\Orel\FULL STACK\שיעורי בית ותרגולים\AMPM\Backend\src\5-logic\logic.ts:25:33)
    at step (D:\Orel\FULL STACK\שיעורי בית ותרגולים\AMPM\Backend\src\5-logic\logic.ts:33:23)
    at Object.next (D:\Orel\FULL STACK\שיעורי בית ותרגולים\AMPM\Backend\src\5-logic\logic.ts:14:53)
    at D:\Orel\FULL STACK\שיעורי בית ותרגולים\AMPM\Backend\src\5-logic\logic.ts:8:71
    at new Promise (<anonymous>)
    at __awaiter (D:\Orel\FULL STACK\שיעורי בית ותרגולים\AMPM\Backend\src\5-logic\logic.ts:4:12)
----------------------------------------------------------------------------------------------------
Sat, 06 May 2023 13:36:12 GMT
Catch all error
Stack: Error: ER_PARSE_ERROR: You have an error in your SQL syntax; check the manual that corresponds to your MariaDB server version for the right syntax to use near 'FROM products AS p JOIN categories AS c,
    WHERE p.categoryId = 1,
    ON p...' at line 2
    at Query.Sequence._packetToError (D:\Orel\FULL STACK\שיעורי בית ותרגולים\AMPM\Backend\node_modules\mysql\lib\protocol\sequences\Sequence.js:47:14)
    at Query.ErrorPacket (D:\Orel\FULL STACK\שיעורי בית ותרגולים\AMPM\Backend\node_modules\mysql\lib\protocol\sequences\Query.js:79:18)
    at Protocol._parsePacket (D:\Orel\FULL STACK\שיעורי בית ותרגולים\AMPM\Backend\node_modules\mysql\lib\protocol\Protocol.js:291:23)
    at Parser._parsePacket (D:\Orel\FULL STACK\שיעורי בית ותרגולים\AMPM\Backend\node_modules\mysql\lib\protocol\Parser.js:433:10)
    at Parser.write (D:\Orel\FULL STACK\שיעורי בית ותרגולים\AMPM\Backend\node_modules\mysql\lib\protocol\Parser.js:43:10)
    at Protocol.write (D:\Orel\FULL STACK\שיעורי בית ותרגולים\AMPM\Backend\node_modules\mysql\lib\protocol\Protocol.js:38:16)
    at Socket.<anonymous> (D:\Orel\FULL STACK\שיעורי בית ותרגולים\AMPM\Backend\node_modules\mysql\lib\Connection.js:88:28)
    at Socket.<anonymous> (D:\Orel\FULL STACK\שיעורי בית ותרגולים\AMPM\Backend\node_modules\mysql\lib\Connection.js:526:10)
    at Socket.emit (node:events:513:28)
    at Socket.emit (node:domain:489:12)
    --------------------
    at Pool.query (D:\Orel\FULL STACK\שיעורי בית ותרגולים\AMPM\Backend\node_modules\mysql\lib\Pool.js:199:23)
    at D:\Orel\FULL STACK\שיעורי בית ותרגולים\AMPM\Backend\src\2-utils\dal.ts:14:20
    at new Promise (<anonymous>)
    at Object.execute (D:\Orel\FULL STACK\שיעורי בית ותרגולים\AMPM\Backend\src\2-utils\dal.ts:13:12)
    at Object.<anonymous> (D:\Orel\FULL STACK\שיעורי בית ותרגולים\AMPM\Backend\src\5-logic\logic.ts:25:33)
    at step (D:\Orel\FULL STACK\שיעורי בית ותרגולים\AMPM\Backend\src\5-logic\logic.ts:33:23)
    at Object.next (D:\Orel\FULL STACK\שיעורי בית ותרגולים\AMPM\Backend\src\5-logic\logic.ts:14:53)
    at D:\Orel\FULL STACK\שיעורי בית ותרגולים\AMPM\Backend\src\5-logic\logic.ts:8:71
    at new Promise (<anonymous>)
    at __awaiter (D:\Orel\FULL STACK\שיעורי בית ותרגולים\AMPM\Backend\src\5-logic\logic.ts:4:12)
----------------------------------------------------------------------------------------------------
Sat, 06 May 2023 13:36:29 GMT
Catch all error
Stack: Error: ER_PARSE_ERROR: You have an error in your SQL syntax; check the manual that corresponds to your MariaDB server version for the right syntax to use near 'FROM products AS p JOIN categories AS c,
    WHERE p.categoryId=1,
    ON p.c...' at line 2
    at Query.Sequence._packetToError (D:\Orel\FULL STACK\שיעורי בית ותרגולים\AMPM\Backend\node_modules\mysql\lib\protocol\sequences\Sequence.js:47:14)
    at Query.ErrorPacket (D:\Orel\FULL STACK\שיעורי בית ותרגולים\AMPM\Backend\node_modules\mysql\lib\protocol\sequences\Query.js:79:18)
    at Protocol._parsePacket (D:\Orel\FULL STACK\שיעורי בית ותרגולים\AMPM\Backend\node_modules\mysql\lib\protocol\Protocol.js:291:23)
    at Parser._parsePacket (D:\Orel\FULL STACK\שיעורי בית ותרגולים\AMPM\Backend\node_modules\mysql\lib\protocol\Parser.js:433:10)
    at Parser.write (D:\Orel\FULL STACK\שיעורי בית ותרגולים\AMPM\Backend\node_modules\mysql\lib\protocol\Parser.js:43:10)
    at Protocol.write (D:\Orel\FULL STACK\שיעורי בית ותרגולים\AMPM\Backend\node_modules\mysql\lib\protocol\Protocol.js:38:16)
    at Socket.<anonymous> (D:\Orel\FULL STACK\שיעורי בית ותרגולים\AMPM\Backend\node_modules\mysql\lib\Connection.js:88:28)
    at Socket.<anonymous> (D:\Orel\FULL STACK\שיעורי בית ותרגולים\AMPM\Backend\node_modules\mysql\lib\Connection.js:526:10)
    at Socket.emit (node:events:513:28)
    at Socket.emit (node:domain:489:12)
    --------------------
    at Pool.query (D:\Orel\FULL STACK\שיעורי בית ותרגולים\AMPM\Backend\node_modules\mysql\lib\Pool.js:199:23)
    at D:\Orel\FULL STACK\שיעורי בית ותרגולים\AMPM\Backend\src\2-utils\dal.ts:14:20
    at new Promise (<anonymous>)
    at Object.execute (D:\Orel\FULL STACK\שיעורי בית ותרגולים\AMPM\Backend\src\2-utils\dal.ts:13:12)
    at Object.<anonymous> (D:\Orel\FULL STACK\שיעורי בית ותרגולים\AMPM\Backend\src\5-logic\logic.ts:25:33)
    at step (D:\Orel\FULL STACK\שיעורי בית ותרגולים\AMPM\Backend\src\5-logic\logic.ts:33:23)
    at Object.next (D:\Orel\FULL STACK\שיעורי בית ותרגולים\AMPM\Backend\src\5-logic\logic.ts:14:53)
    at D:\Orel\FULL STACK\שיעורי בית ותרגולים\AMPM\Backend\src\5-logic\logic.ts:8:71
    at new Promise (<anonymous>)
    at __awaiter (D:\Orel\FULL STACK\שיעורי בית ותרגולים\AMPM\Backend\src\5-logic\logic.ts:4:12)
----------------------------------------------------------------------------------------------------
Sat, 06 May 2023 13:36:49 GMT
Catch all error
Stack: Error: ER_PARSE_ERROR: You have an error in your SQL syntax; check the manual that corresponds to your MariaDB server version for the right syntax to use near 'FROM products AS p JOIN categories AS c,
    WHERE categoryId=1,
    ON p.cat...' at line 2
    at Query.Sequence._packetToError (D:\Orel\FULL STACK\שיעורי בית ותרגולים\AMPM\Backend\node_modules\mysql\lib\protocol\sequences\Sequence.js:47:14)
    at Query.ErrorPacket (D:\Orel\FULL STACK\שיעורי בית ותרגולים\AMPM\Backend\node_modules\mysql\lib\protocol\sequences\Query.js:79:18)
    at Protocol._parsePacket (D:\Orel\FULL STACK\שיעורי בית ותרגולים\AMPM\Backend\node_modules\mysql\lib\protocol\Protocol.js:291:23)
    at Parser._parsePacket (D:\Orel\FULL STACK\שיעורי בית ותרגולים\AMPM\Backend\node_modules\mysql\lib\protocol\Parser.js:433:10)
    at Parser.write (D:\Orel\FULL STACK\שיעורי בית ותרגולים\AMPM\Backend\node_modules\mysql\lib\protocol\Parser.js:43:10)
    at Protocol.write (D:\Orel\FULL STACK\שיעורי בית ותרגולים\AMPM\Backend\node_modules\mysql\lib\protocol\Protocol.js:38:16)
    at Socket.<anonymous> (D:\Orel\FULL STACK\שיעורי בית ותרגולים\AMPM\Backend\node_modules\mysql\lib\Connection.js:88:28)
    at Socket.<anonymous> (D:\Orel\FULL STACK\שיעורי בית ותרגולים\AMPM\Backend\node_modules\mysql\lib\Connection.js:526:10)
    at Socket.emit (node:events:513:28)
    at Socket.emit (node:domain:489:12)
    --------------------
    at Pool.query (D:\Orel\FULL STACK\שיעורי בית ותרגולים\AMPM\Backend\node_modules\mysql\lib\Pool.js:199:23)
    at D:\Orel\FULL STACK\שיעורי בית ותרגולים\AMPM\Backend\src\2-utils\dal.ts:14:20
    at new Promise (<anonymous>)
    at Object.execute (D:\Orel\FULL STACK\שיעורי בית ותרגולים\AMPM\Backend\src\2-utils\dal.ts:13:12)
    at Object.<anonymous> (D:\Orel\FULL STACK\שיעורי בית ותרגולים\AMPM\Backend\src\5-logic\logic.ts:25:33)
    at step (D:\Orel\FULL STACK\שיעורי בית ותרגולים\AMPM\Backend\src\5-logic\logic.ts:33:23)
    at Object.next (D:\Orel\FULL STACK\שיעורי בית ותרגולים\AMPM\Backend\src\5-logic\logic.ts:14:53)
    at D:\Orel\FULL STACK\שיעורי בית ותרגולים\AMPM\Backend\src\5-logic\logic.ts:8:71
    at new Promise (<anonymous>)
    at __awaiter (D:\Orel\FULL STACK\שיעורי בית ותרגולים\AMPM\Backend\src\5-logic\logic.ts:4:12)
----------------------------------------------------------------------------------------------------
Sat, 06 May 2023 13:36:50 GMT
Catch all error
Stack: Error: ER_PARSE_ERROR: You have an error in your SQL syntax; check the manual that corresponds to your MariaDB server version for the right syntax to use near 'FROM products AS p JOIN categories AS c,
    WHERE categoryId=1,
    ON p.cat...' at line 2
    at Query.Sequence._packetToError (D:\Orel\FULL STACK\שיעורי בית ותרגולים\AMPM\Backend\node_modules\mysql\lib\protocol\sequences\Sequence.js:47:14)
    at Query.ErrorPacket (D:\Orel\FULL STACK\שיעורי בית ותרגולים\AMPM\Backend\node_modules\mysql\lib\protocol\sequences\Query.js:79:18)
    at Protocol._parsePacket (D:\Orel\FULL STACK\שיעורי בית ותרגולים\AMPM\Backend\node_modules\mysql\lib\protocol\Protocol.js:291:23)
    at Parser._parsePacket (D:\Orel\FULL STACK\שיעורי בית ותרגולים\AMPM\Backend\node_modules\mysql\lib\protocol\Parser.js:433:10)
    at Parser.write (D:\Orel\FULL STACK\שיעורי בית ותרגולים\AMPM\Backend\node_modules\mysql\lib\protocol\Parser.js:43:10)
    at Protocol.write (D:\Orel\FULL STACK\שיעורי בית ותרגולים\AMPM\Backend\node_modules\mysql\lib\protocol\Protocol.js:38:16)
    at Socket.<anonymous> (D:\Orel\FULL STACK\שיעורי בית ותרגולים\AMPM\Backend\node_modules\mysql\lib\Connection.js:88:28)
    at Socket.<anonymous> (D:\Orel\FULL STACK\שיעורי בית ותרגולים\AMPM\Backend\node_modules\mysql\lib\Connection.js:526:10)
    at Socket.emit (node:events:513:28)
    at Socket.emit (node:domain:489:12)
    --------------------
    at Pool.query (D:\Orel\FULL STACK\שיעורי בית ותרגולים\AMPM\Backend\node_modules\mysql\lib\Pool.js:199:23)
    at D:\Orel\FULL STACK\שיעורי בית ותרגולים\AMPM\Backend\src\2-utils\dal.ts:14:20
    at new Promise (<anonymous>)
    at Object.execute (D:\Orel\FULL STACK\שיעורי בית ותרגולים\AMPM\Backend\src\2-utils\dal.ts:13:12)
    at Object.<anonymous> (D:\Orel\FULL STACK\שיעורי בית ותרגולים\AMPM\Backend\src\5-logic\logic.ts:25:33)
    at step (D:\Orel\FULL STACK\שיעורי בית ותרגולים\AMPM\Backend\src\5-logic\logic.ts:33:23)
    at Object.next (D:\Orel\FULL STACK\שיעורי בית ותרגולים\AMPM\Backend\src\5-logic\logic.ts:14:53)
    at D:\Orel\FULL STACK\שיעורי בית ותרגולים\AMPM\Backend\src\5-logic\logic.ts:8:71
    at new Promise (<anonymous>)
    at __awaiter (D:\Orel\FULL STACK\שיעורי בית ותרגולים\AMPM\Backend\src\5-logic\logic.ts:4:12)
----------------------------------------------------------------------------------------------------
Sat, 06 May 2023 13:37:00 GMT
Catch all error
Stack: Error: ER_PARSE_ERROR: You have an error in your SQL syntax; check the manual that corresponds to your MariaDB server version for the right syntax to use near 'FROM products AS p JOIN categories AS c,
    WHERE categoryId = 2,
    ON p.c...' at line 2
    at Query.Sequence._packetToError (D:\Orel\FULL STACK\שיעורי בית ותרגולים\AMPM\Backend\node_modules\mysql\lib\protocol\sequences\Sequence.js:47:14)
    at Query.ErrorPacket (D:\Orel\FULL STACK\שיעורי בית ותרגולים\AMPM\Backend\node_modules\mysql\lib\protocol\sequences\Query.js:79:18)
    at Protocol._parsePacket (D:\Orel\FULL STACK\שיעורי בית ותרגולים\AMPM\Backend\node_modules\mysql\lib\protocol\Protocol.js:291:23)
    at Parser._parsePacket (D:\Orel\FULL STACK\שיעורי בית ותרגולים\AMPM\Backend\node_modules\mysql\lib\protocol\Parser.js:433:10)
    at Parser.write (D:\Orel\FULL STACK\שיעורי בית ותרגולים\AMPM\Backend\node_modules\mysql\lib\protocol\Parser.js:43:10)
    at Protocol.write (D:\Orel\FULL STACK\שיעורי בית ותרגולים\AMPM\Backend\node_modules\mysql\lib\protocol\Protocol.js:38:16)
    at Socket.<anonymous> (D:\Orel\FULL STACK\שיעורי בית ותרגולים\AMPM\Backend\node_modules\mysql\lib\Connection.js:88:28)
    at Socket.<anonymous> (D:\Orel\FULL STACK\שיעורי בית ותרגולים\AMPM\Backend\node_modules\mysql\lib\Connection.js:526:10)
    at Socket.emit (node:events:513:28)
    at Socket.emit (node:domain:489:12)
    --------------------
    at Pool.query (D:\Orel\FULL STACK\שיעורי בית ותרגולים\AMPM\Backend\node_modules\mysql\lib\Pool.js:199:23)
    at D:\Orel\FULL STACK\שיעורי בית ותרגולים\AMPM\Backend\src\2-utils\dal.ts:14:20
    at new Promise (<anonymous>)
    at Object.execute (D:\Orel\FULL STACK\שיעורי בית ותרגולים\AMPM\Backend\src\2-utils\dal.ts:13:12)
    at Object.<anonymous> (D:\Orel\FULL STACK\שיעורי בית ותרגולים\AMPM\Backend\src\5-logic\logic.ts:25:33)
    at step (D:\Orel\FULL STACK\שיעורי בית ותרגולים\AMPM\Backend\src\5-logic\logic.ts:33:23)
    at Object.next (D:\Orel\FULL STACK\שיעורי בית ותרגולים\AMPM\Backend\src\5-logic\logic.ts:14:53)
    at D:\Orel\FULL STACK\שיעורי בית ותרגולים\AMPM\Backend\src\5-logic\logic.ts:8:71
    at new Promise (<anonymous>)
    at __awaiter (D:\Orel\FULL STACK\שיעורי בית ותרגולים\AMPM\Backend\src\5-logic\logic.ts:4:12)
----------------------------------------------------------------------------------------------------
Sat, 06 May 2023 13:43:14 GMT
Catch all error
Stack: Error: ER_NON_UNIQ_ERROR: Column 'categoryId' in where clause is ambiguous
    at Query.Sequence._packetToError (D:\Orel\FULL STACK\שיעורי בית ותרגולים\AMPM\Backend\node_modules\mysql\lib\protocol\sequences\Sequence.js:47:14)
    at Query.ErrorPacket (D:\Orel\FULL STACK\שיעורי בית ותרגולים\AMPM\Backend\node_modules\mysql\lib\protocol\sequences\Query.js:79:18)
    at Protocol._parsePacket (D:\Orel\FULL STACK\שיעורי בית ותרגולים\AMPM\Backend\node_modules\mysql\lib\protocol\Protocol.js:291:23)
    at Parser._parsePacket (D:\Orel\FULL STACK\שיעורי בית ותרגולים\AMPM\Backend\node_modules\mysql\lib\protocol\Parser.js:433:10)
    at Parser.write (D:\Orel\FULL STACK\שיעורי בית ותרגולים\AMPM\Backend\node_modules\mysql\lib\protocol\Parser.js:43:10)
    at Protocol.write (D:\Orel\FULL STACK\שיעורי בית ותרגולים\AMPM\Backend\node_modules\mysql\lib\protocol\Protocol.js:38:16)
    at Socket.<anonymous> (D:\Orel\FULL STACK\שיעורי בית ותרגולים\AMPM\Backend\node_modules\mysql\lib\Connection.js:88:28)
    at Socket.<anonymous> (D:\Orel\FULL STACK\שיעורי בית ותרגולים\AMPM\Backend\node_modules\mysql\lib\Connection.js:526:10)
    at Socket.emit (node:events:513:28)
    at Socket.emit (node:domain:489:12)
    --------------------
    at Pool.query (D:\Orel\FULL STACK\שיעורי בית ותרגולים\AMPM\Backend\node_modules\mysql\lib\Pool.js:199:23)
    at D:\Orel\FULL STACK\שיעורי בית ותרגולים\AMPM\Backend\src\2-utils\dal.ts:14:20
    at new Promise (<anonymous>)
    at Object.execute (D:\Orel\FULL STACK\שיעורי בית ותרגולים\AMPM\Backend\src\2-utils\dal.ts:13:12)
    at Object.<anonymous> (D:\Orel\FULL STACK\שיעורי בית ותרגולים\AMPM\Backend\src\5-logic\logic.ts:26:33)
    at step (D:\Orel\FULL STACK\שיעורי בית ותרגולים\AMPM\Backend\src\5-logic\logic.ts:33:23)
    at Object.next (D:\Orel\FULL STACK\שיעורי בית ותרגולים\AMPM\Backend\src\5-logic\logic.ts:14:53)
    at D:\Orel\FULL STACK\שיעורי בית ותרגולים\AMPM\Backend\src\5-logic\logic.ts:8:71
    at new Promise (<anonymous>)
    at __awaiter (D:\Orel\FULL STACK\שיעורי בית ותרגולים\AMPM\Backend\src\5-logic\logic.ts:4:12)
----------------------------------------------------------------------------------------------------
Sat, 06 May 2023 13:44:13 GMT
Catch all error
Stack: Error [ERR_HTTP_HEADERS_SENT]: Cannot set headers after they are sent to the client
    at new NodeError (node:internal/errors:399:5)
    at ServerResponse.setHeader (node:_http_outgoing:663:11)
    at ServerResponse.header (D:\Orel\FULL STACK\שיעורי בית ותרגולים\AMPM\Backend\node_modules\express\lib\response.js:794:10)
    at ServerResponse.contentType (D:\Orel\FULL STACK\שיעורי בית ותרגולים\AMPM\Backend\node_modules\express\lib\response.js:624:15)
    at ServerResponse.sendStatus (D:\Orel\FULL STACK\שיעורי בית ותרגולים\AMPM\Backend\node_modules\express\lib\response.js:373:8)
    at D:\Orel\FULL STACK\שיעורי בית ותרגולים\AMPM\Backend\src\6-controllers\controller.ts:21:33
    at step (D:\Orel\FULL STACK\שיעורי בית ותרגולים\AMPM\Backend\src\6-controllers\controller.ts:33:23)
    at Object.next (D:\Orel\FULL STACK\שיעורי בית ותרגולים\AMPM\Backend\src\6-controllers\controller.ts:14:53)
    at fulfilled (D:\Orel\FULL STACK\שיעורי בית ותרגולים\AMPM\Backend\src\6-controllers\controller.ts:5:58)
    at processTicksAndRejections (node:internal/process/task_queues:95:5)
----------------------------------------------------------------------------------------------------
Sat, 06 May 2023 13:44:59 GMT
Catch all error
Stack: Error [ERR_HTTP_HEADERS_SENT]: Cannot set headers after they are sent to the client
    at new NodeError (node:internal/errors:399:5)
    at ServerResponse.setHeader (node:_http_outgoing:663:11)
    at ServerResponse.header (D:\Orel\FULL STACK\שיעורי בית ותרגולים\AMPM\Backend\node_modules\express\lib\response.js:794:10)
    at ServerResponse.contentType (D:\Orel\FULL STACK\שיעורי בית ותרגולים\AMPM\Backend\node_modules\express\lib\response.js:624:15)
    at ServerResponse.sendStatus (D:\Orel\FULL STACK\שיעורי בית ותרגולים\AMPM\Backend\node_modules\express\lib\response.js:373:8)
    at D:\Orel\FULL STACK\שיעורי בית ותרגולים\AMPM\Backend\src\6-controllers\controller.ts:21:33
    at step (D:\Orel\FULL STACK\שיעורי בית ותרגולים\AMPM\Backend\src\6-controllers\controller.ts:33:23)
    at Object.next (D:\Orel\FULL STACK\שיעורי בית ותרגולים\AMPM\Backend\src\6-controllers\controller.ts:14:53)
    at fulfilled (D:\Orel\FULL STACK\שיעורי בית ותרגולים\AMPM\Backend\src\6-controllers\controller.ts:5:58)
    at processTicksAndRejections (node:internal/process/task_queues:95:5)
----------------------------------------------------------------------------------------------------
Sat, 06 May 2023 13:47:01 GMT
Catch all error
Stack: Error [ERR_HTTP_HEADERS_SENT]: Cannot set headers after they are sent to the client
    at new NodeError (node:internal/errors:399:5)
    at ServerResponse.setHeader (node:_http_outgoing:663:11)
    at ServerResponse.header (D:\Orel\FULL STACK\שיעורי בית ותרגולים\AMPM\Backend\node_modules\express\lib\response.js:794:10)
    at ServerResponse.contentType (D:\Orel\FULL STACK\שיעורי בית ותרגולים\AMPM\Backend\node_modules\express\lib\response.js:624:15)
    at ServerResponse.sendStatus (D:\Orel\FULL STACK\שיעורי בית ותרגולים\AMPM\Backend\node_modules\express\lib\response.js:373:8)
    at D:\Orel\FULL STACK\שיעורי בית ותרגולים\AMPM\Backend\src\6-controllers\controller.ts:21:33
    at step (D:\Orel\FULL STACK\שיעורי בית ותרגולים\AMPM\Backend\src\6-controllers\controller.ts:33:23)
    at Object.next (D:\Orel\FULL STACK\שיעורי בית ותרגולים\AMPM\Backend\src\6-controllers\controller.ts:14:53)
    at fulfilled (D:\Orel\FULL STACK\שיעורי בית ותרגולים\AMPM\Backend\src\6-controllers\controller.ts:5:58)
    at processTicksAndRejections (node:internal/process/task_queues:95:5)
----------------------------------------------------------------------------------------------------
Sat, 06 May 2023 13:47:05 GMT
Catch all error
Stack: Error [ERR_HTTP_HEADERS_SENT]: Cannot set headers after they are sent to the client
    at new NodeError (node:internal/errors:399:5)
    at ServerResponse.setHeader (node:_http_outgoing:663:11)
    at ServerResponse.header (D:\Orel\FULL STACK\שיעורי בית ותרגולים\AMPM\Backend\node_modules\express\lib\response.js:794:10)
    at ServerResponse.contentType (D:\Orel\FULL STACK\שיעורי בית ותרגולים\AMPM\Backend\node_modules\express\lib\response.js:624:15)
    at ServerResponse.sendStatus (D:\Orel\FULL STACK\שיעורי בית ותרגולים\AMPM\Backend\node_modules\express\lib\response.js:373:8)
    at D:\Orel\FULL STACK\שיעורי בית ותרגולים\AMPM\Backend\src\6-controllers\controller.ts:21:33
    at step (D:\Orel\FULL STACK\שיעורי בית ותרגולים\AMPM\Backend\src\6-controllers\controller.ts:33:23)
    at Object.next (D:\Orel\FULL STACK\שיעורי בית ותרגולים\AMPM\Backend\src\6-controllers\controller.ts:14:53)
    at fulfilled (D:\Orel\FULL STACK\שיעורי בית ותרגולים\AMPM\Backend\src\6-controllers\controller.ts:5:58)
    at processTicksAndRejections (node:internal/process/task_queues:95:5)
----------------------------------------------------------------------------------------------------
Sat, 06 May 2023 13:47:12 GMT
Catch all error
Stack: Error [ERR_HTTP_HEADERS_SENT]: Cannot set headers after they are sent to the client
    at new NodeError (node:internal/errors:399:5)
    at ServerResponse.setHeader (node:_http_outgoing:663:11)
    at ServerResponse.header (D:\Orel\FULL STACK\שיעורי בית ותרגולים\AMPM\Backend\node_modules\express\lib\response.js:794:10)
    at ServerResponse.contentType (D:\Orel\FULL STACK\שיעורי בית ותרגולים\AMPM\Backend\node_modules\express\lib\response.js:624:15)
    at ServerResponse.sendStatus (D:\Orel\FULL STACK\שיעורי בית ותרגולים\AMPM\Backend\node_modules\express\lib\response.js:373:8)
    at D:\Orel\FULL STACK\שיעורי בית ותרגולים\AMPM\Backend\src\6-controllers\controller.ts:21:33
    at step (D:\Orel\FULL STACK\שיעורי בית ותרגולים\AMPM\Backend\src\6-controllers\controller.ts:33:23)
    at Object.next (D:\Orel\FULL STACK\שיעורי בית ותרגולים\AMPM\Backend\src\6-controllers\controller.ts:14:53)
    at fulfilled (D:\Orel\FULL STACK\שיעורי בית ותרגולים\AMPM\Backend\src\6-controllers\controller.ts:5:58)
    at processTicksAndRejections (node:internal/process/task_queues:95:5)
----------------------------------------------------------------------------------------------------
Sat, 06 May 2023 13:47:17 GMT
Catch all error
Stack: Error [ERR_HTTP_HEADERS_SENT]: Cannot set headers after they are sent to the client
    at new NodeError (node:internal/errors:399:5)
    at ServerResponse.setHeader (node:_http_outgoing:663:11)
    at ServerResponse.header (D:\Orel\FULL STACK\שיעורי בית ותרגולים\AMPM\Backend\node_modules\express\lib\response.js:794:10)
    at ServerResponse.contentType (D:\Orel\FULL STACK\שיעורי בית ותרגולים\AMPM\Backend\node_modules\express\lib\response.js:624:15)
    at ServerResponse.sendStatus (D:\Orel\FULL STACK\שיעורי בית ותרגולים\AMPM\Backend\node_modules\express\lib\response.js:373:8)
    at D:\Orel\FULL STACK\שיעורי בית ותרגולים\AMPM\Backend\src\6-controllers\controller.ts:21:33
    at step (D:\Orel\FULL STACK\שיעורי בית ותרגולים\AMPM\Backend\src\6-controllers\controller.ts:33:23)
    at Object.next (D:\Orel\FULL STACK\שיעורי בית ותרגולים\AMPM\Backend\src\6-controllers\controller.ts:14:53)
    at fulfilled (D:\Orel\FULL STACK\שיעורי בית ותרגולים\AMPM\Backend\src\6-controllers\controller.ts:5:58)
    at processTicksAndRejections (node:internal/process/task_queues:95:5)
----------------------------------------------------------------------------------------------------
Sat, 06 May 2023 13:48:07 GMT
Catch all error
Stack: Error: ER_BAD_FIELD_ERROR: Unknown column 'NaN' in 'where clause'
    at Query.Sequence._packetToError (D:\Orel\FULL STACK\שיעורי בית ותרגולים\AMPM\Backend\node_modules\mysql\lib\protocol\sequences\Sequence.js:47:14)
    at Query.ErrorPacket (D:\Orel\FULL STACK\שיעורי בית ותרגולים\AMPM\Backend\node_modules\mysql\lib\protocol\sequences\Query.js:79:18)
    at Protocol._parsePacket (D:\Orel\FULL STACK\שיעורי בית ותרגולים\AMPM\Backend\node_modules\mysql\lib\protocol\Protocol.js:291:23)
    at Parser._parsePacket (D:\Orel\FULL STACK\שיעורי בית ותרגולים\AMPM\Backend\node_modules\mysql\lib\protocol\Parser.js:433:10)
    at Parser.write (D:\Orel\FULL STACK\שיעורי בית ותרגולים\AMPM\Backend\node_modules\mysql\lib\protocol\Parser.js:43:10)
    at Protocol.write (D:\Orel\FULL STACK\שיעורי בית ותרגולים\AMPM\Backend\node_modules\mysql\lib\protocol\Protocol.js:38:16)
    at Socket.<anonymous> (D:\Orel\FULL STACK\שיעורי בית ותרגולים\AMPM\Backend\node_modules\mysql\lib\Connection.js:88:28)
    at Socket.<anonymous> (D:\Orel\FULL STACK\שיעורי בית ותרגולים\AMPM\Backend\node_modules\mysql\lib\Connection.js:526:10)
    at Socket.emit (node:events:513:28)
    at Socket.emit (node:domain:489:12)
    --------------------
    at Pool.query (D:\Orel\FULL STACK\שיעורי בית ותרגולים\AMPM\Backend\node_modules\mysql\lib\Pool.js:199:23)
    at D:\Orel\FULL STACK\שיעורי בית ותרגולים\AMPM\Backend\src\2-utils\dal.ts:14:20
    at new Promise (<anonymous>)
    at Object.execute (D:\Orel\FULL STACK\שיעורי בית ותרגולים\AMPM\Backend\src\2-utils\dal.ts:13:12)
    at Object.<anonymous> (D:\Orel\FULL STACK\שיעורי בית ותרגולים\AMPM\Backend\src\5-logic\logic.ts:26:33)
    at step (D:\Orel\FULL STACK\שיעורי בית ותרגולים\AMPM\Backend\src\5-logic\logic.ts:33:23)
    at Object.next (D:\Orel\FULL STACK\שיעורי בית ותרגולים\AMPM\Backend\src\5-logic\logic.ts:14:53)
    at D:\Orel\FULL STACK\שיעורי בית ותרגולים\AMPM\Backend\src\5-logic\logic.ts:8:71
    at new Promise (<anonymous>)
    at __awaiter (D:\Orel\FULL STACK\שיעורי בית ותרגולים\AMPM\Backend\src\5-logic\logic.ts:4:12)
----------------------------------------------------------------------------------------------------
Sat, 06 May 2023 13:48:11 GMT
Catch all error
Stack: Error [ERR_HTTP_HEADERS_SENT]: Cannot set headers after they are sent to the client
    at new NodeError (node:internal/errors:399:5)
    at ServerResponse.setHeader (node:_http_outgoing:663:11)
    at ServerResponse.header (D:\Orel\FULL STACK\שיעורי בית ותרגולים\AMPM\Backend\node_modules\express\lib\response.js:794:10)
    at ServerResponse.contentType (D:\Orel\FULL STACK\שיעורי בית ותרגולים\AMPM\Backend\node_modules\express\lib\response.js:624:15)
    at ServerResponse.sendStatus (D:\Orel\FULL STACK\שיעורי בית ותרגולים\AMPM\Backend\node_modules\express\lib\response.js:373:8)
    at D:\Orel\FULL STACK\שיעורי בית ותרגולים\AMPM\Backend\src\6-controllers\controller.ts:21:33
    at step (D:\Orel\FULL STACK\שיעורי בית ותרגולים\AMPM\Backend\src\6-controllers\controller.ts:33:23)
    at Object.next (D:\Orel\FULL STACK\שיעורי בית ותרגולים\AMPM\Backend\src\6-controllers\controller.ts:14:53)
    at fulfilled (D:\Orel\FULL STACK\שיעורי בית ותרגולים\AMPM\Backend\src\6-controllers\controller.ts:5:58)
    at processTicksAndRejections (node:internal/process/task_queues:95:5)
----------------------------------------------------------------------------------------------------
Sat, 06 May 2023 13:48:14 GMT
Catch all error
Stack: Error [ERR_HTTP_HEADERS_SENT]: Cannot set headers after they are sent to the client
    at new NodeError (node:internal/errors:399:5)
    at ServerResponse.setHeader (node:_http_outgoing:663:11)
    at ServerResponse.header (D:\Orel\FULL STACK\שיעורי בית ותרגולים\AMPM\Backend\node_modules\express\lib\response.js:794:10)
    at ServerResponse.contentType (D:\Orel\FULL STACK\שיעורי בית ותרגולים\AMPM\Backend\node_modules\express\lib\response.js:624:15)
    at ServerResponse.sendStatus (D:\Orel\FULL STACK\שיעורי בית ותרגולים\AMPM\Backend\node_modules\express\lib\response.js:373:8)
    at D:\Orel\FULL STACK\שיעורי בית ותרגולים\AMPM\Backend\src\6-controllers\controller.ts:21:33
    at step (D:\Orel\FULL STACK\שיעורי בית ותרגולים\AMPM\Backend\src\6-controllers\controller.ts:33:23)
    at Object.next (D:\Orel\FULL STACK\שיעורי בית ותרגולים\AMPM\Backend\src\6-controllers\controller.ts:14:53)
    at fulfilled (D:\Orel\FULL STACK\שיעורי בית ותרגולים\AMPM\Backend\src\6-controllers\controller.ts:5:58)
    at processTicksAndRejections (node:internal/process/task_queues:95:5)
----------------------------------------------------------------------------------------------------
Sat, 06 May 2023 14:02:23 GMT
Catch all error
Stack: Error: ER_BAD_NULL_ERROR: Column 'name' cannot be null
    at Query.Sequence._packetToError (D:\Orel\FULL STACK\שיעורי בית ותרגולים\AMPM\Backend\node_modules\mysql\lib\protocol\sequences\Sequence.js:47:14)
    at Query.ErrorPacket (D:\Orel\FULL STACK\שיעורי בית ותרגולים\AMPM\Backend\node_modules\mysql\lib\protocol\sequences\Query.js:79:18)
    at Protocol._parsePacket (D:\Orel\FULL STACK\שיעורי בית ותרגולים\AMPM\Backend\node_modules\mysql\lib\protocol\Protocol.js:291:23)
    at Parser._parsePacket (D:\Orel\FULL STACK\שיעורי בית ותרגולים\AMPM\Backend\node_modules\mysql\lib\protocol\Parser.js:433:10)
    at Parser.write (D:\Orel\FULL STACK\שיעורי בית ותרגולים\AMPM\Backend\node_modules\mysql\lib\protocol\Parser.js:43:10)
    at Protocol.write (D:\Orel\FULL STACK\שיעורי בית ותרגולים\AMPM\Backend\node_modules\mysql\lib\protocol\Protocol.js:38:16)
    at Socket.<anonymous> (D:\Orel\FULL STACK\שיעורי בית ותרגולים\AMPM\Backend\node_modules\mysql\lib\Connection.js:88:28)
    at Socket.<anonymous> (D:\Orel\FULL STACK\שיעורי בית ותרגולים\AMPM\Backend\node_modules\mysql\lib\Connection.js:526:10)
    at Socket.emit (node:events:513:28)
    at Socket.emit (node:domain:489:12)
    --------------------
    at Pool.query (D:\Orel\FULL STACK\שיעורי בית ותרגולים\AMPM\Backend\node_modules\mysql\lib\Pool.js:199:23)
    at D:\Orel\FULL STACK\שיעורי בית ותרגולים\AMPM\Backend\src\2-utils\dal.ts:14:20
    at new Promise (<anonymous>)
    at Object.execute (D:\Orel\FULL STACK\שיעורי בית ותרגולים\AMPM\Backend\src\2-utils\dal.ts:13:12)
    at Object.<anonymous> (D:\Orel\FULL STACK\שיעורי בית ותרגולים\AMPM\Backend\src\5-logic\logic.ts:34:37)
    at step (D:\Orel\FULL STACK\שיעורי בית ותרגולים\AMPM\Backend\src\5-logic\logic.ts:33:23)
    at Object.next (D:\Orel\FULL STACK\שיעורי בית ותרגולים\AMPM\Backend\src\5-logic\logic.ts:14:53)
    at D:\Orel\FULL STACK\שיעורי בית ותרגולים\AMPM\Backend\src\5-logic\logic.ts:8:71
    at new Promise (<anonymous>)
    at __awaiter (D:\Orel\FULL STACK\שיעורי בית ותרגולים\AMPM\Backend\src\5-logic\logic.ts:4:12)
----------------------------------------------------------------------------------------------------
Sat, 06 May 2023 14:03:09 GMT
Catch all error
Stack: Error: ER_BAD_NULL_ERROR: Column 'name' cannot be null
    at Query.Sequence._packetToError (D:\Orel\FULL STACK\שיעורי בית ותרגולים\AMPM\Backend\node_modules\mysql\lib\protocol\sequences\Sequence.js:47:14)
    at Query.ErrorPacket (D:\Orel\FULL STACK\שיעורי בית ותרגולים\AMPM\Backend\node_modules\mysql\lib\protocol\sequences\Query.js:79:18)
    at Protocol._parsePacket (D:\Orel\FULL STACK\שיעורי בית ותרגולים\AMPM\Backend\node_modules\mysql\lib\protocol\Protocol.js:291:23)
    at Parser._parsePacket (D:\Orel\FULL STACK\שיעורי בית ותרגולים\AMPM\Backend\node_modules\mysql\lib\protocol\Parser.js:433:10)
    at Parser.write (D:\Orel\FULL STACK\שיעורי בית ותרגולים\AMPM\Backend\node_modules\mysql\lib\protocol\Parser.js:43:10)
    at Protocol.write (D:\Orel\FULL STACK\שיעורי בית ותרגולים\AMPM\Backend\node_modules\mysql\lib\protocol\Protocol.js:38:16)
    at Socket.<anonymous> (D:\Orel\FULL STACK\שיעורי בית ותרגולים\AMPM\Backend\node_modules\mysql\lib\Connection.js:88:28)
    at Socket.<anonymous> (D:\Orel\FULL STACK\שיעורי בית ותרגולים\AMPM\Backend\node_modules\mysql\lib\Connection.js:526:10)
    at Socket.emit (node:events:513:28)
    at Socket.emit (node:domain:489:12)
    --------------------
    at Pool.query (D:\Orel\FULL STACK\שיעורי בית ותרגולים\AMPM\Backend\node_modules\mysql\lib\Pool.js:199:23)
    at D:\Orel\FULL STACK\שיעורי בית ותרגולים\AMPM\Backend\src\2-utils\dal.ts:14:20
    at new Promise (<anonymous>)
    at Object.execute (D:\Orel\FULL STACK\שיעורי בית ותרגולים\AMPM\Backend\src\2-utils\dal.ts:13:12)
    at Object.<anonymous> (D:\Orel\FULL STACK\שיעורי בית ותרגולים\AMPM\Backend\src\5-logic\logic.ts:34:37)
    at step (D:\Orel\FULL STACK\שיעורי בית ותרגולים\AMPM\Backend\src\5-logic\logic.ts:33:23)
    at Object.next (D:\Orel\FULL STACK\שיעורי בית ותרגולים\AMPM\Backend\src\5-logic\logic.ts:14:53)
    at D:\Orel\FULL STACK\שיעורי בית ותרגולים\AMPM\Backend\src\5-logic\logic.ts:8:71
    at new Promise (<anonymous>)
    at __awaiter (D:\Orel\FULL STACK\שיעורי בית ותרגולים\AMPM\Backend\src\5-logic\logic.ts:4:12)
----------------------------------------------------------------------------------------------------
Sat, 06 May 2023 14:03:18 GMT
Catch all error
Stack: Error: ER_BAD_NULL_ERROR: Column 'name' cannot be null
    at Query.Sequence._packetToError (D:\Orel\FULL STACK\שיעורי בית ותרגולים\AMPM\Backend\node_modules\mysql\lib\protocol\sequences\Sequence.js:47:14)
    at Query.ErrorPacket (D:\Orel\FULL STACK\שיעורי בית ותרגולים\AMPM\Backend\node_modules\mysql\lib\protocol\sequences\Query.js:79:18)
    at Protocol._parsePacket (D:\Orel\FULL STACK\שיעורי בית ותרגולים\AMPM\Backend\node_modules\mysql\lib\protocol\Protocol.js:291:23)
    at Parser._parsePacket (D:\Orel\FULL STACK\שיעורי בית ותרגולים\AMPM\Backend\node_modules\mysql\lib\protocol\Parser.js:433:10)
    at Parser.write (D:\Orel\FULL STACK\שיעורי בית ותרגולים\AMPM\Backend\node_modules\mysql\lib\protocol\Parser.js:43:10)
    at Protocol.write (D:\Orel\FULL STACK\שיעורי בית ותרגולים\AMPM\Backend\node_modules\mysql\lib\protocol\Protocol.js:38:16)
    at Socket.<anonymous> (D:\Orel\FULL STACK\שיעורי בית ותרגולים\AMPM\Backend\node_modules\mysql\lib\Connection.js:88:28)
    at Socket.<anonymous> (D:\Orel\FULL STACK\שיעורי בית ותרגולים\AMPM\Backend\node_modules\mysql\lib\Connection.js:526:10)
    at Socket.emit (node:events:513:28)
    at Socket.emit (node:domain:489:12)
    --------------------
    at Pool.query (D:\Orel\FULL STACK\שיעורי בית ותרגולים\AMPM\Backend\node_modules\mysql\lib\Pool.js:199:23)
    at D:\Orel\FULL STACK\שיעורי בית ותרגולים\AMPM\Backend\src\2-utils\dal.ts:14:20
    at new Promise (<anonymous>)
    at Object.execute (D:\Orel\FULL STACK\שיעורי בית ותרגולים\AMPM\Backend\src\2-utils\dal.ts:13:12)
    at Object.<anonymous> (D:\Orel\FULL STACK\שיעורי בית ותרגולים\AMPM\Backend\src\5-logic\logic.ts:34:37)
    at step (D:\Orel\FULL STACK\שיעורי בית ותרגולים\AMPM\Backend\src\5-logic\logic.ts:33:23)
    at Object.next (D:\Orel\FULL STACK\שיעורי בית ותרגולים\AMPM\Backend\src\5-logic\logic.ts:14:53)
    at D:\Orel\FULL STACK\שיעורי בית ותרגולים\AMPM\Backend\src\5-logic\logic.ts:8:71
    at new Promise (<anonymous>)
    at __awaiter (D:\Orel\FULL STACK\שיעורי בית ותרגולים\AMPM\Backend\src\5-logic\logic.ts:4:12)
----------------------------------------------------------------------------------------------------
Sat, 06 May 2023 14:03:28 GMT
Catch all error
Stack: Error: ER_BAD_NULL_ERROR: Column 'name' cannot be null
    at Query.Sequence._packetToError (D:\Orel\FULL STACK\שיעורי בית ותרגולים\AMPM\Backend\node_modules\mysql\lib\protocol\sequences\Sequence.js:47:14)
    at Query.ErrorPacket (D:\Orel\FULL STACK\שיעורי בית ותרגולים\AMPM\Backend\node_modules\mysql\lib\protocol\sequences\Query.js:79:18)
    at Protocol._parsePacket (D:\Orel\FULL STACK\שיעורי בית ותרגולים\AMPM\Backend\node_modules\mysql\lib\protocol\Protocol.js:291:23)
    at Parser._parsePacket (D:\Orel\FULL STACK\שיעורי בית ותרגולים\AMPM\Backend\node_modules\mysql\lib\protocol\Parser.js:433:10)
    at Parser.write (D:\Orel\FULL STACK\שיעורי בית ותרגולים\AMPM\Backend\node_modules\mysql\lib\protocol\Parser.js:43:10)
    at Protocol.write (D:\Orel\FULL STACK\שיעורי בית ותרגולים\AMPM\Backend\node_modules\mysql\lib\protocol\Protocol.js:38:16)
    at Socket.<anonymous> (D:\Orel\FULL STACK\שיעורי בית ותרגולים\AMPM\Backend\node_modules\mysql\lib\Connection.js:88:28)
    at Socket.<anonymous> (D:\Orel\FULL STACK\שיעורי בית ותרגולים\AMPM\Backend\node_modules\mysql\lib\Connection.js:526:10)
    at Socket.emit (node:events:513:28)
    at Socket.emit (node:domain:489:12)
    --------------------
    at Pool.query (D:\Orel\FULL STACK\שיעורי בית ותרגולים\AMPM\Backend\node_modules\mysql\lib\Pool.js:199:23)
    at D:\Orel\FULL STACK\שיעורי בית ותרגולים\AMPM\Backend\src\2-utils\dal.ts:14:20
    at new Promise (<anonymous>)
    at Object.execute (D:\Orel\FULL STACK\שיעורי בית ותרגולים\AMPM\Backend\src\2-utils\dal.ts:13:12)
    at Object.<anonymous> (D:\Orel\FULL STACK\שיעורי בית ותרגולים\AMPM\Backend\src\5-logic\logic.ts:34:37)
    at step (D:\Orel\FULL STACK\שיעורי בית ותרגולים\AMPM\Backend\src\5-logic\logic.ts:33:23)
    at Object.next (D:\Orel\FULL STACK\שיעורי בית ותרגולים\AMPM\Backend\src\5-logic\logic.ts:14:53)
    at D:\Orel\FULL STACK\שיעורי בית ותרגולים\AMPM\Backend\src\5-logic\logic.ts:8:71
    at new Promise (<anonymous>)
    at __awaiter (D:\Orel\FULL STACK\שיעורי בית ותרגולים\AMPM\Backend\src\5-logic\logic.ts:4:12)
----------------------------------------------------------------------------------------------------
Sat, 06 May 2023 14:03:52 GMT
Catch all error
Stack: Error: ER_BAD_NULL_ERROR: Column 'name' cannot be null
    at Query.Sequence._packetToError (D:\Orel\FULL STACK\שיעורי בית ותרגולים\AMPM\Backend\node_modules\mysql\lib\protocol\sequences\Sequence.js:47:14)
    at Query.ErrorPacket (D:\Orel\FULL STACK\שיעורי בית ותרגולים\AMPM\Backend\node_modules\mysql\lib\protocol\sequences\Query.js:79:18)
    at Protocol._parsePacket (D:\Orel\FULL STACK\שיעורי בית ותרגולים\AMPM\Backend\node_modules\mysql\lib\protocol\Protocol.js:291:23)
    at Parser._parsePacket (D:\Orel\FULL STACK\שיעורי בית ותרגולים\AMPM\Backend\node_modules\mysql\lib\protocol\Parser.js:433:10)
    at Parser.write (D:\Orel\FULL STACK\שיעורי בית ותרגולים\AMPM\Backend\node_modules\mysql\lib\protocol\Parser.js:43:10)
    at Protocol.write (D:\Orel\FULL STACK\שיעורי בית ותרגולים\AMPM\Backend\node_modules\mysql\lib\protocol\Protocol.js:38:16)
    at Socket.<anonymous> (D:\Orel\FULL STACK\שיעורי בית ותרגולים\AMPM\Backend\node_modules\mysql\lib\Connection.js:88:28)
    at Socket.<anonymous> (D:\Orel\FULL STACK\שיעורי בית ותרגולים\AMPM\Backend\node_modules\mysql\lib\Connection.js:526:10)
    at Socket.emit (node:events:513:28)
    at Socket.emit (node:domain:489:12)
    --------------------
    at Pool.query (D:\Orel\FULL STACK\שיעורי בית ותרגולים\AMPM\Backend\node_modules\mysql\lib\Pool.js:199:23)
    at D:\Orel\FULL STACK\שיעורי בית ותרגולים\AMPM\Backend\src\2-utils\dal.ts:14:20
    at new Promise (<anonymous>)
    at Object.execute (D:\Orel\FULL STACK\שיעורי בית ותרגולים\AMPM\Backend\src\2-utils\dal.ts:13:12)
    at Object.<anonymous> (D:\Orel\FULL STACK\שיעורי בית ותרגולים\AMPM\Backend\src\5-logic\logic.ts:34:37)
    at step (D:\Orel\FULL STACK\שיעורי בית ותרגולים\AMPM\Backend\src\5-logic\logic.ts:33:23)
    at Object.next (D:\Orel\FULL STACK\שיעורי בית ותרגולים\AMPM\Backend\src\5-logic\logic.ts:14:53)
    at D:\Orel\FULL STACK\שיעורי בית ותרגולים\AMPM\Backend\src\5-logic\logic.ts:8:71
    at new Promise (<anonymous>)
    at __awaiter (D:\Orel\FULL STACK\שיעורי בית ותרגולים\AMPM\Backend\src\5-logic\logic.ts:4:12)
----------------------------------------------------------------------------------------------------
Sat, 06 May 2023 14:36:38 GMT
Catch all error
Stack: Error: ER_PARSE_ERROR: You have an error in your SQL syntax; check the manual that corresponds to your MariaDB server version for the right syntax to use near '* FROM products WHERE code = 10' at line 1
    at Query.Sequence._packetToError (D:\Orel\FULL STACK\שיעורי בית ותרגולים\AMPM\Backend\node_modules\mysql\lib\protocol\sequences\Sequence.js:47:14)
    at Query.ErrorPacket (D:\Orel\FULL STACK\שיעורי בית ותרגולים\AMPM\Backend\node_modules\mysql\lib\protocol\sequences\Query.js:79:18)
    at Protocol._parsePacket (D:\Orel\FULL STACK\שיעורי בית ותרגולים\AMPM\Backend\node_modules\mysql\lib\protocol\Protocol.js:291:23)
    at Parser._parsePacket (D:\Orel\FULL STACK\שיעורי בית ותרגולים\AMPM\Backend\node_modules\mysql\lib\protocol\Parser.js:433:10)
    at Parser.write (D:\Orel\FULL STACK\שיעורי בית ותרגולים\AMPM\Backend\node_modules\mysql\lib\protocol\Parser.js:43:10)
    at Protocol.write (D:\Orel\FULL STACK\שיעורי בית ותרגולים\AMPM\Backend\node_modules\mysql\lib\protocol\Protocol.js:38:16)
    at Socket.<anonymous> (D:\Orel\FULL STACK\שיעורי בית ותרגולים\AMPM\Backend\node_modules\mysql\lib\Connection.js:88:28)
    at Socket.<anonymous> (D:\Orel\FULL STACK\שיעורי בית ותרגולים\AMPM\Backend\node_modules\mysql\lib\Connection.js:526:10)
    at Socket.emit (node:events:513:28)
    at Socket.emit (node:domain:489:12)
    --------------------
    at Pool.query (D:\Orel\FULL STACK\שיעורי בית ותרגולים\AMPM\Backend\node_modules\mysql\lib\Pool.js:199:23)
    at D:\Orel\FULL STACK\שיעורי בית ותרגולים\AMPM\Backend\src\2-utils\dal.ts:14:20
    at new Promise (<anonymous>)
    at Object.execute (D:\Orel\FULL STACK\שיעורי בית ותרגולים\AMPM\Backend\src\2-utils\dal.ts:13:12)
    at Object.<anonymous> (D:\Orel\FULL STACK\שיעורי בית ותרגולים\AMPM\Backend\src\5-logic\logic.ts:46:37)
    at step (D:\Orel\FULL STACK\שיעורי בית ותרגולים\AMPM\Backend\src\5-logic\logic.ts:33:23)
    at Object.next (D:\Orel\FULL STACK\שיעורי בית ותרגולים\AMPM\Backend\src\5-logic\logic.ts:14:53)
    at D:\Orel\FULL STACK\שיעורי בית ותרגולים\AMPM\Backend\src\5-logic\logic.ts:8:71
    at new Promise (<anonymous>)
    at __awaiter (D:\Orel\FULL STACK\שיעורי בית ותרגולים\AMPM\Backend\src\5-logic\logic.ts:4:12)
----------------------------------------------------------------------------------------------------
Sat, 06 May 2023 14:37:25 GMT
Catch all error
Stack: Error: ER_PARSE_ERROR: You have an error in your SQL syntax; check the manual that corresponds to your MariaDB server version for the right syntax to use near '* FROM products WHERE products.code = 10' at line 1
    at Query.Sequence._packetToError (D:\Orel\FULL STACK\שיעורי בית ותרגולים\AMPM\Backend\node_modules\mysql\lib\protocol\sequences\Sequence.js:47:14)
    at Query.ErrorPacket (D:\Orel\FULL STACK\שיעורי בית ותרגולים\AMPM\Backend\node_modules\mysql\lib\protocol\sequences\Query.js:79:18)
    at Protocol._parsePacket (D:\Orel\FULL STACK\שיעורי בית ותרגולים\AMPM\Backend\node_modules\mysql\lib\protocol\Protocol.js:291:23)
    at Parser._parsePacket (D:\Orel\FULL STACK\שיעורי בית ותרגולים\AMPM\Backend\node_modules\mysql\lib\protocol\Parser.js:433:10)
    at Parser.write (D:\Orel\FULL STACK\שיעורי בית ותרגולים\AMPM\Backend\node_modules\mysql\lib\protocol\Parser.js:43:10)
    at Protocol.write (D:\Orel\FULL STACK\שיעורי בית ותרגולים\AMPM\Backend\node_modules\mysql\lib\protocol\Protocol.js:38:16)
    at Socket.<anonymous> (D:\Orel\FULL STACK\שיעורי בית ותרגולים\AMPM\Backend\node_modules\mysql\lib\Connection.js:88:28)
    at Socket.<anonymous> (D:\Orel\FULL STACK\שיעורי בית ותרגולים\AMPM\Backend\node_modules\mysql\lib\Connection.js:526:10)
    at Socket.emit (node:events:513:28)
    at Socket.emit (node:domain:489:12)
    --------------------
    at Pool.query (D:\Orel\FULL STACK\שיעורי בית ותרגולים\AMPM\Backend\node_modules\mysql\lib\Pool.js:199:23)
    at D:\Orel\FULL STACK\שיעורי בית ותרגולים\AMPM\Backend\src\2-utils\dal.ts:14:20
    at new Promise (<anonymous>)
    at Object.execute (D:\Orel\FULL STACK\שיעורי בית ותרגולים\AMPM\Backend\src\2-utils\dal.ts:13:12)
    at Object.<anonymous> (D:\Orel\FULL STACK\שיעורי בית ותרגולים\AMPM\Backend\src\5-logic\logic.ts:46:37)
    at step (D:\Orel\FULL STACK\שיעורי בית ותרגולים\AMPM\Backend\src\5-logic\logic.ts:33:23)
    at Object.next (D:\Orel\FULL STACK\שיעורי בית ותרגולים\AMPM\Backend\src\5-logic\logic.ts:14:53)
    at D:\Orel\FULL STACK\שיעורי בית ותרגולים\AMPM\Backend\src\5-logic\logic.ts:8:71
    at new Promise (<anonymous>)
    at __awaiter (D:\Orel\FULL STACK\שיעורי בית ותרגולים\AMPM\Backend\src\5-logic\logic.ts:4:12)
----------------------------------------------------------------------------------------------------
Sat, 06 May 2023 14:37:40 GMT
Catch all error
Stack: Error: ER_PARSE_ERROR: You have an error in your SQL syntax; check the manual that corresponds to your MariaDB server version for the right syntax to use near '* FROM products WHERE products.code = 10' at line 1
    at Query.Sequence._packetToError (D:\Orel\FULL STACK\שיעורי בית ותרגולים\AMPM\Backend\node_modules\mysql\lib\protocol\sequences\Sequence.js:47:14)
    at Query.ErrorPacket (D:\Orel\FULL STACK\שיעורי בית ותרגולים\AMPM\Backend\node_modules\mysql\lib\protocol\sequences\Query.js:79:18)
    at Protocol._parsePacket (D:\Orel\FULL STACK\שיעורי בית ותרגולים\AMPM\Backend\node_modules\mysql\lib\protocol\Protocol.js:291:23)
    at Parser._parsePacket (D:\Orel\FULL STACK\שיעורי בית ותרגולים\AMPM\Backend\node_modules\mysql\lib\protocol\Parser.js:433:10)
    at Parser.write (D:\Orel\FULL STACK\שיעורי בית ותרגולים\AMPM\Backend\node_modules\mysql\lib\protocol\Parser.js:43:10)
    at Protocol.write (D:\Orel\FULL STACK\שיעורי בית ותרגולים\AMPM\Backend\node_modules\mysql\lib\protocol\Protocol.js:38:16)
    at Socket.<anonymous> (D:\Orel\FULL STACK\שיעורי בית ותרגולים\AMPM\Backend\node_modules\mysql\lib\Connection.js:88:28)
    at Socket.<anonymous> (D:\Orel\FULL STACK\שיעורי בית ותרגולים\AMPM\Backend\node_modules\mysql\lib\Connection.js:526:10)
    at Socket.emit (node:events:513:28)
    at Socket.emit (node:domain:489:12)
    --------------------
    at Pool.query (D:\Orel\FULL STACK\שיעורי בית ותרגולים\AMPM\Backend\node_modules\mysql\lib\Pool.js:199:23)
    at D:\Orel\FULL STACK\שיעורי בית ותרגולים\AMPM\Backend\src\2-utils\dal.ts:14:20
    at new Promise (<anonymous>)
    at Object.execute (D:\Orel\FULL STACK\שיעורי בית ותרגולים\AMPM\Backend\src\2-utils\dal.ts:13:12)
    at Object.<anonymous> (D:\Orel\FULL STACK\שיעורי בית ותרגולים\AMPM\Backend\src\5-logic\logic.ts:46:37)
    at step (D:\Orel\FULL STACK\שיעורי בית ותרגולים\AMPM\Backend\src\5-logic\logic.ts:33:23)
    at Object.next (D:\Orel\FULL STACK\שיעורי בית ותרגולים\AMPM\Backend\src\5-logic\logic.ts:14:53)
    at D:\Orel\FULL STACK\שיעורי בית ותרגולים\AMPM\Backend\src\5-logic\logic.ts:8:71
    at new Promise (<anonymous>)
    at __awaiter (D:\Orel\FULL STACK\שיעורי בית ותרגולים\AMPM\Backend\src\5-logic\logic.ts:4:12)
----------------------------------------------------------------------------------------------------
Sat, 06 May 2023 14:37:41 GMT
Catch all error
Stack: Error: ER_PARSE_ERROR: You have an error in your SQL syntax; check the manual that corresponds to your MariaDB server version for the right syntax to use near '* FROM products WHERE products.code = 10' at line 1
    at Query.Sequence._packetToError (D:\Orel\FULL STACK\שיעורי בית ותרגולים\AMPM\Backend\node_modules\mysql\lib\protocol\sequences\Sequence.js:47:14)
    at Query.ErrorPacket (D:\Orel\FULL STACK\שיעורי בית ותרגולים\AMPM\Backend\node_modules\mysql\lib\protocol\sequences\Query.js:79:18)
    at Protocol._parsePacket (D:\Orel\FULL STACK\שיעורי בית ותרגולים\AMPM\Backend\node_modules\mysql\lib\protocol\Protocol.js:291:23)
    at Parser._parsePacket (D:\Orel\FULL STACK\שיעורי בית ותרגולים\AMPM\Backend\node_modules\mysql\lib\protocol\Parser.js:433:10)
    at Parser.write (D:\Orel\FULL STACK\שיעורי בית ותרגולים\AMPM\Backend\node_modules\mysql\lib\protocol\Parser.js:43:10)
    at Protocol.write (D:\Orel\FULL STACK\שיעורי בית ותרגולים\AMPM\Backend\node_modules\mysql\lib\protocol\Protocol.js:38:16)
    at Socket.<anonymous> (D:\Orel\FULL STACK\שיעורי בית ותרגולים\AMPM\Backend\node_modules\mysql\lib\Connection.js:88:28)
    at Socket.<anonymous> (D:\Orel\FULL STACK\שיעורי בית ותרגולים\AMPM\Backend\node_modules\mysql\lib\Connection.js:526:10)
    at Socket.emit (node:events:513:28)
    at Socket.emit (node:domain:489:12)
    --------------------
    at Pool.query (D:\Orel\FULL STACK\שיעורי בית ותרגולים\AMPM\Backend\node_modules\mysql\lib\Pool.js:199:23)
    at D:\Orel\FULL STACK\שיעורי בית ותרגולים\AMPM\Backend\src\2-utils\dal.ts:14:20
    at new Promise (<anonymous>)
    at Object.execute (D:\Orel\FULL STACK\שיעורי בית ותרגולים\AMPM\Backend\src\2-utils\dal.ts:13:12)
    at Object.<anonymous> (D:\Orel\FULL STACK\שיעורי בית ותרגולים\AMPM\Backend\src\5-logic\logic.ts:46:37)
    at step (D:\Orel\FULL STACK\שיעורי בית ותרגולים\AMPM\Backend\src\5-logic\logic.ts:33:23)
    at Object.next (D:\Orel\FULL STACK\שיעורי בית ותרגולים\AMPM\Backend\src\5-logic\logic.ts:14:53)
    at D:\Orel\FULL STACK\שיעורי בית ותרגולים\AMPM\Backend\src\5-logic\logic.ts:8:71
    at new Promise (<anonymous>)
    at __awaiter (D:\Orel\FULL STACK\שיעורי בית ותרגולים\AMPM\Backend\src\5-logic\logic.ts:4:12)
----------------------------------------------------------------------------------------------------
Sat, 06 May 2023 14:38:30 GMT
Catch all error
Stack: Error: ER_PARSE_ERROR: You have an error in your SQL syntax; check the manual that corresponds to your MariaDB server version for the right syntax to use near '* FROM products WHERE code = 2' at line 1
    at Query.Sequence._packetToError (D:\Orel\FULL STACK\שיעורי בית ותרגולים\AMPM\Backend\node_modules\mysql\lib\protocol\sequences\Sequence.js:47:14)
    at Query.ErrorPacket (D:\Orel\FULL STACK\שיעורי בית ותרגולים\AMPM\Backend\node_modules\mysql\lib\protocol\sequences\Query.js:79:18)
    at Protocol._parsePacket (D:\Orel\FULL STACK\שיעורי בית ותרגולים\AMPM\Backend\node_modules\mysql\lib\protocol\Protocol.js:291:23)
    at Parser._parsePacket (D:\Orel\FULL STACK\שיעורי בית ותרגולים\AMPM\Backend\node_modules\mysql\lib\protocol\Parser.js:433:10)
    at Parser.write (D:\Orel\FULL STACK\שיעורי בית ותרגולים\AMPM\Backend\node_modules\mysql\lib\protocol\Parser.js:43:10)
    at Protocol.write (D:\Orel\FULL STACK\שיעורי בית ותרגולים\AMPM\Backend\node_modules\mysql\lib\protocol\Protocol.js:38:16)
    at Socket.<anonymous> (D:\Orel\FULL STACK\שיעורי בית ותרגולים\AMPM\Backend\node_modules\mysql\lib\Connection.js:88:28)
    at Socket.<anonymous> (D:\Orel\FULL STACK\שיעורי בית ותרגולים\AMPM\Backend\node_modules\mysql\lib\Connection.js:526:10)
    at Socket.emit (node:events:513:28)
    at Socket.emit (node:domain:489:12)
    --------------------
    at Pool.query (D:\Orel\FULL STACK\שיעורי בית ותרגולים\AMPM\Backend\node_modules\mysql\lib\Pool.js:199:23)
    at D:\Orel\FULL STACK\שיעורי בית ותרגולים\AMPM\Backend\src\2-utils\dal.ts:14:20
    at new Promise (<anonymous>)
    at Object.execute (D:\Orel\FULL STACK\שיעורי בית ותרגולים\AMPM\Backend\src\2-utils\dal.ts:13:12)
    at Object.<anonymous> (D:\Orel\FULL STACK\שיעורי בית ותרגולים\AMPM\Backend\src\5-logic\logic.ts:46:37)
    at step (D:\Orel\FULL STACK\שיעורי בית ותרגולים\AMPM\Backend\src\5-logic\logic.ts:33:23)
    at Object.next (D:\Orel\FULL STACK\שיעורי בית ותרגולים\AMPM\Backend\src\5-logic\logic.ts:14:53)
    at D:\Orel\FULL STACK\שיעורי בית ותרגולים\AMPM\Backend\src\5-logic\logic.ts:8:71
    at new Promise (<anonymous>)
    at __awaiter (D:\Orel\FULL STACK\שיעורי בית ותרגולים\AMPM\Backend\src\5-logic\logic.ts:4:12)
----------------------------------------------------------------------------------------------------
Sat, 06 May 2023 14:38:53 GMT
Catch all error
Stack: Error: ER_PARSE_ERROR: You have an error in your SQL syntax; check the manual that corresponds to your MariaDB server version for the right syntax to use near '* FROM products
     WHERE code = 2' at line 1
    at Query.Sequence._packetToError (D:\Orel\FULL STACK\שיעורי בית ותרגולים\AMPM\Backend\node_modules\mysql\lib\protocol\sequences\Sequence.js:47:14)
    at Query.ErrorPacket (D:\Orel\FULL STACK\שיעורי בית ותרגולים\AMPM\Backend\node_modules\mysql\lib\protocol\sequences\Query.js:79:18)
    at Protocol._parsePacket (D:\Orel\FULL STACK\שיעורי בית ותרגולים\AMPM\Backend\node_modules\mysql\lib\protocol\Protocol.js:291:23)
    at Parser._parsePacket (D:\Orel\FULL STACK\שיעורי בית ותרגולים\AMPM\Backend\node_modules\mysql\lib\protocol\Parser.js:433:10)
    at Parser.write (D:\Orel\FULL STACK\שיעורי בית ותרגולים\AMPM\Backend\node_modules\mysql\lib\protocol\Parser.js:43:10)
    at Protocol.write (D:\Orel\FULL STACK\שיעורי בית ותרגולים\AMPM\Backend\node_modules\mysql\lib\protocol\Protocol.js:38:16)
    at Socket.<anonymous> (D:\Orel\FULL STACK\שיעורי בית ותרגולים\AMPM\Backend\node_modules\mysql\lib\Connection.js:88:28)
    at Socket.<anonymous> (D:\Orel\FULL STACK\שיעורי בית ותרגולים\AMPM\Backend\node_modules\mysql\lib\Connection.js:526:10)
    at Socket.emit (node:events:513:28)
    at Socket.emit (node:domain:489:12)
    --------------------
    at Pool.query (D:\Orel\FULL STACK\שיעורי בית ותרגולים\AMPM\Backend\node_modules\mysql\lib\Pool.js:199:23)
    at D:\Orel\FULL STACK\שיעורי בית ותרגולים\AMPM\Backend\src\2-utils\dal.ts:14:20
    at new Promise (<anonymous>)
    at Object.execute (D:\Orel\FULL STACK\שיעורי בית ותרגולים\AMPM\Backend\src\2-utils\dal.ts:13:12)
    at Object.<anonymous> (D:\Orel\FULL STACK\שיעורי בית ותרגולים\AMPM\Backend\src\5-logic\logic.ts:47:37)
    at step (D:\Orel\FULL STACK\שיעורי בית ותרגולים\AMPM\Backend\src\5-logic\logic.ts:33:23)
    at Object.next (D:\Orel\FULL STACK\שיעורי בית ותרגולים\AMPM\Backend\src\5-logic\logic.ts:14:53)
    at D:\Orel\FULL STACK\שיעורי בית ותרגולים\AMPM\Backend\src\5-logic\logic.ts:8:71
    at new Promise (<anonymous>)
    at __awaiter (D:\Orel\FULL STACK\שיעורי בית ותרגולים\AMPM\Backend\src\5-logic\logic.ts:4:12)
----------------------------------------------------------------------------------------------------
Sat, 06 May 2023 14:39:00 GMT
Catch all error
Stack: Error: ER_PARSE_ERROR: You have an error in your SQL syntax; check the manual that corresponds to your MariaDB server version for the right syntax to use near '* FROM products,
     WHERE code = 2' at line 1
    at Query.Sequence._packetToError (D:\Orel\FULL STACK\שיעורי בית ותרגולים\AMPM\Backend\node_modules\mysql\lib\protocol\sequences\Sequence.js:47:14)
    at Query.ErrorPacket (D:\Orel\FULL STACK\שיעורי בית ותרגולים\AMPM\Backend\node_modules\mysql\lib\protocol\sequences\Query.js:79:18)
    at Protocol._parsePacket (D:\Orel\FULL STACK\שיעורי בית ותרגולים\AMPM\Backend\node_modules\mysql\lib\protocol\Protocol.js:291:23)
    at Parser._parsePacket (D:\Orel\FULL STACK\שיעורי בית ותרגולים\AMPM\Backend\node_modules\mysql\lib\protocol\Parser.js:433:10)
    at Parser.write (D:\Orel\FULL STACK\שיעורי בית ותרגולים\AMPM\Backend\node_modules\mysql\lib\protocol\Parser.js:43:10)
    at Protocol.write (D:\Orel\FULL STACK\שיעורי בית ותרגולים\AMPM\Backend\node_modules\mysql\lib\protocol\Protocol.js:38:16)
    at Socket.<anonymous> (D:\Orel\FULL STACK\שיעורי בית ותרגולים\AMPM\Backend\node_modules\mysql\lib\Connection.js:88:28)
    at Socket.<anonymous> (D:\Orel\FULL STACK\שיעורי בית ותרגולים\AMPM\Backend\node_modules\mysql\lib\Connection.js:526:10)
    at Socket.emit (node:events:513:28)
    at Socket.emit (node:domain:489:12)
    --------------------
    at Pool.query (D:\Orel\FULL STACK\שיעורי בית ותרגולים\AMPM\Backend\node_modules\mysql\lib\Pool.js:199:23)
    at D:\Orel\FULL STACK\שיעורי בית ותרגולים\AMPM\Backend\src\2-utils\dal.ts:14:20
    at new Promise (<anonymous>)
    at Object.execute (D:\Orel\FULL STACK\שיעורי בית ותרגולים\AMPM\Backend\src\2-utils\dal.ts:13:12)
    at Object.<anonymous> (D:\Orel\FULL STACK\שיעורי בית ותרגולים\AMPM\Backend\src\5-logic\logic.ts:47:37)
    at step (D:\Orel\FULL STACK\שיעורי בית ותרגולים\AMPM\Backend\src\5-logic\logic.ts:33:23)
    at Object.next (D:\Orel\FULL STACK\שיעורי בית ותרגולים\AMPM\Backend\src\5-logic\logic.ts:14:53)
    at D:\Orel\FULL STACK\שיעורי בית ותרגולים\AMPM\Backend\src\5-logic\logic.ts:8:71
    at new Promise (<anonymous>)
    at __awaiter (D:\Orel\FULL STACK\שיעורי בית ותרגולים\AMPM\Backend\src\5-logic\logic.ts:4:12)
----------------------------------------------------------------------------------------------------
Sat, 06 May 2023 14:39:13 GMT
Catch all error
Stack: Error: ER_PARSE_ERROR: You have an error in your SQL syntax; check the manual that corresponds to your MariaDB server version for the right syntax to use near '*, FROM products
     WHERE code = 2' at line 1
    at Query.Sequence._packetToError (D:\Orel\FULL STACK\שיעורי בית ותרגולים\AMPM\Backend\node_modules\mysql\lib\protocol\sequences\Sequence.js:47:14)
    at Query.ErrorPacket (D:\Orel\FULL STACK\שיעורי בית ותרגולים\AMPM\Backend\node_modules\mysql\lib\protocol\sequences\Query.js:79:18)
    at Protocol._parsePacket (D:\Orel\FULL STACK\שיעורי בית ותרגולים\AMPM\Backend\node_modules\mysql\lib\protocol\Protocol.js:291:23)
    at Parser._parsePacket (D:\Orel\FULL STACK\שיעורי בית ותרגולים\AMPM\Backend\node_modules\mysql\lib\protocol\Parser.js:433:10)
    at Parser.write (D:\Orel\FULL STACK\שיעורי בית ותרגולים\AMPM\Backend\node_modules\mysql\lib\protocol\Parser.js:43:10)
    at Protocol.write (D:\Orel\FULL STACK\שיעורי בית ותרגולים\AMPM\Backend\node_modules\mysql\lib\protocol\Protocol.js:38:16)
    at Socket.<anonymous> (D:\Orel\FULL STACK\שיעורי בית ותרגולים\AMPM\Backend\node_modules\mysql\lib\Connection.js:88:28)
    at Socket.<anonymous> (D:\Orel\FULL STACK\שיעורי בית ותרגולים\AMPM\Backend\node_modules\mysql\lib\Connection.js:526:10)
    at Socket.emit (node:events:513:28)
    at Socket.emit (node:domain:489:12)
    --------------------
    at Pool.query (D:\Orel\FULL STACK\שיעורי בית ותרגולים\AMPM\Backend\node_modules\mysql\lib\Pool.js:199:23)
    at D:\Orel\FULL STACK\שיעורי בית ותרגולים\AMPM\Backend\src\2-utils\dal.ts:14:20
    at new Promise (<anonymous>)
    at Object.execute (D:\Orel\FULL STACK\שיעורי בית ותרגולים\AMPM\Backend\src\2-utils\dal.ts:13:12)
    at Object.<anonymous> (D:\Orel\FULL STACK\שיעורי בית ותרגולים\AMPM\Backend\src\5-logic\logic.ts:47:37)
    at step (D:\Orel\FULL STACK\שיעורי בית ותרגולים\AMPM\Backend\src\5-logic\logic.ts:33:23)
    at Object.next (D:\Orel\FULL STACK\שיעורי בית ותרגולים\AMPM\Backend\src\5-logic\logic.ts:14:53)
    at D:\Orel\FULL STACK\שיעורי בית ותרגולים\AMPM\Backend\src\5-logic\logic.ts:8:71
    at new Promise (<anonymous>)
    at __awaiter (D:\Orel\FULL STACK\שיעורי בית ותרגולים\AMPM\Backend\src\5-logic\logic.ts:4:12)
----------------------------------------------------------------------------------------------------
Sat, 06 May 2023 14:41:32 GMT
Catch all error
Stack: Error: ER_PARSE_ERROR: You have an error in your SQL syntax; check the manual that corresponds to your MariaDB server version for the right syntax to use near '* FROM products
     WHERE code=2' at line 1
    at Query.Sequence._packetToError (D:\Orel\FULL STACK\שיעורי בית ותרגולים\AMPM\Backend\node_modules\mysql\lib\protocol\sequences\Sequence.js:47:14)
    at Query.ErrorPacket (D:\Orel\FULL STACK\שיעורי בית ותרגולים\AMPM\Backend\node_modules\mysql\lib\protocol\sequences\Query.js:79:18)
    at Protocol._parsePacket (D:\Orel\FULL STACK\שיעורי בית ותרגולים\AMPM\Backend\node_modules\mysql\lib\protocol\Protocol.js:291:23)
    at Parser._parsePacket (D:\Orel\FULL STACK\שיעורי בית ותרגולים\AMPM\Backend\node_modules\mysql\lib\protocol\Parser.js:433:10)
    at Parser.write (D:\Orel\FULL STACK\שיעורי בית ותרגולים\AMPM\Backend\node_modules\mysql\lib\protocol\Parser.js:43:10)
    at Protocol.write (D:\Orel\FULL STACK\שיעורי בית ותרגולים\AMPM\Backend\node_modules\mysql\lib\protocol\Protocol.js:38:16)
    at Socket.<anonymous> (D:\Orel\FULL STACK\שיעורי בית ותרגולים\AMPM\Backend\node_modules\mysql\lib\Connection.js:88:28)
    at Socket.<anonymous> (D:\Orel\FULL STACK\שיעורי בית ותרגולים\AMPM\Backend\node_modules\mysql\lib\Connection.js:526:10)
    at Socket.emit (node:events:513:28)
    at Socket.emit (node:domain:489:12)
    --------------------
    at Pool.query (D:\Orel\FULL STACK\שיעורי בית ותרגולים\AMPM\Backend\node_modules\mysql\lib\Pool.js:199:23)
    at D:\Orel\FULL STACK\שיעורי בית ותרגולים\AMPM\Backend\src\2-utils\dal.ts:14:20
    at new Promise (<anonymous>)
    at Object.execute (D:\Orel\FULL STACK\שיעורי בית ותרגולים\AMPM\Backend\src\2-utils\dal.ts:13:12)
    at Object.<anonymous> (D:\Orel\FULL STACK\שיעורי בית ותרגולים\AMPM\Backend\src\5-logic\logic.ts:48:37)
    at step (D:\Orel\FULL STACK\שיעורי בית ותרגולים\AMPM\Backend\src\5-logic\logic.ts:33:23)
    at Object.next (D:\Orel\FULL STACK\שיעורי בית ותרגולים\AMPM\Backend\src\5-logic\logic.ts:14:53)
    at D:\Orel\FULL STACK\שיעורי בית ותרגולים\AMPM\Backend\src\5-logic\logic.ts:8:71
    at new Promise (<anonymous>)
    at __awaiter (D:\Orel\FULL STACK\שיעורי בית ותרגולים\AMPM\Backend\src\5-logic\logic.ts:4:12)
----------------------------------------------------------------------------------------------------
Sat, 06 May 2023 14:41:35 GMT
Catch all error
Stack: Error: ER_PARSE_ERROR: You have an error in your SQL syntax; check the manual that corresponds to your MariaDB server version for the right syntax to use near '* FROM products
     WHERE code=2' at line 1
    at Query.Sequence._packetToError (D:\Orel\FULL STACK\שיעורי בית ותרגולים\AMPM\Backend\node_modules\mysql\lib\protocol\sequences\Sequence.js:47:14)
    at Query.ErrorPacket (D:\Orel\FULL STACK\שיעורי בית ותרגולים\AMPM\Backend\node_modules\mysql\lib\protocol\sequences\Query.js:79:18)
    at Protocol._parsePacket (D:\Orel\FULL STACK\שיעורי בית ותרגולים\AMPM\Backend\node_modules\mysql\lib\protocol\Protocol.js:291:23)
    at Parser._parsePacket (D:\Orel\FULL STACK\שיעורי בית ותרגולים\AMPM\Backend\node_modules\mysql\lib\protocol\Parser.js:433:10)
    at Parser.write (D:\Orel\FULL STACK\שיעורי בית ותרגולים\AMPM\Backend\node_modules\mysql\lib\protocol\Parser.js:43:10)
    at Protocol.write (D:\Orel\FULL STACK\שיעורי בית ותרגולים\AMPM\Backend\node_modules\mysql\lib\protocol\Protocol.js:38:16)
    at Socket.<anonymous> (D:\Orel\FULL STACK\שיעורי בית ותרגולים\AMPM\Backend\node_modules\mysql\lib\Connection.js:88:28)
    at Socket.<anonymous> (D:\Orel\FULL STACK\שיעורי בית ותרגולים\AMPM\Backend\node_modules\mysql\lib\Connection.js:526:10)
    at Socket.emit (node:events:513:28)
    at Socket.emit (node:domain:489:12)
    --------------------
    at Pool.query (D:\Orel\FULL STACK\שיעורי בית ותרגולים\AMPM\Backend\node_modules\mysql\lib\Pool.js:199:23)
    at D:\Orel\FULL STACK\שיעורי בית ותרגולים\AMPM\Backend\src\2-utils\dal.ts:14:20
    at new Promise (<anonymous>)
    at Object.execute (D:\Orel\FULL STACK\שיעורי בית ותרגולים\AMPM\Backend\src\2-utils\dal.ts:13:12)
    at Object.<anonymous> (D:\Orel\FULL STACK\שיעורי בית ותרגולים\AMPM\Backend\src\5-logic\logic.ts:48:37)
    at step (D:\Orel\FULL STACK\שיעורי בית ותרגולים\AMPM\Backend\src\5-logic\logic.ts:33:23)
    at Object.next (D:\Orel\FULL STACK\שיעורי בית ותרגולים\AMPM\Backend\src\5-logic\logic.ts:14:53)
    at D:\Orel\FULL STACK\שיעורי בית ותרגולים\AMPM\Backend\src\5-logic\logic.ts:8:71
    at new Promise (<anonymous>)
    at __awaiter (D:\Orel\FULL STACK\שיעורי בית ותרגולים\AMPM\Backend\src\5-logic\logic.ts:4:12)
----------------------------------------------------------------------------------------------------
Sat, 06 May 2023 14:43:53 GMT
Catch all error
Stack: Error [ERR_HTTP_HEADERS_SENT]: Cannot set headers after they are sent to the client
    at new NodeError (node:internal/errors:399:5)
    at ServerResponse.setHeader (node:_http_outgoing:663:11)
    at ServerResponse.header (D:\Orel\FULL STACK\שיעורי בית ותרגולים\AMPM\Backend\node_modules\express\lib\response.js:794:10)
    at ServerResponse.contentType (D:\Orel\FULL STACK\שיעורי בית ותרגולים\AMPM\Backend\node_modules\express\lib\response.js:624:15)
    at ServerResponse.sendStatus (D:\Orel\FULL STACK\שיעורי בית ותרגולים\AMPM\Backend\node_modules\express\lib\response.js:373:8)
    at D:\Orel\FULL STACK\שיעורי בית ותרגולים\AMPM\Backend\src\6-controllers\controller.ts:22:33
    at step (D:\Orel\FULL STACK\שיעורי בית ותרגולים\AMPM\Backend\src\6-controllers\controller.ts:33:23)
    at Object.next (D:\Orel\FULL STACK\שיעורי בית ותרגולים\AMPM\Backend\src\6-controllers\controller.ts:14:53)
    at fulfilled (D:\Orel\FULL STACK\שיעורי בית ותרגולים\AMPM\Backend\src\6-controllers\controller.ts:5:58)
    at processTicksAndRejections (node:internal/process/task_queues:95:5)
----------------------------------------------------------------------------------------------------
Sat, 06 May 2023 14:44:20 GMT
Catch all error
Stack: Error [ERR_HTTP_HEADERS_SENT]: Cannot set headers after they are sent to the client
    at new NodeError (node:internal/errors:399:5)
    at ServerResponse.setHeader (node:_http_outgoing:663:11)
    at ServerResponse.header (D:\Orel\FULL STACK\שיעורי בית ותרגולים\AMPM\Backend\node_modules\express\lib\response.js:794:10)
    at ServerResponse.contentType (D:\Orel\FULL STACK\שיעורי בית ותרגולים\AMPM\Backend\node_modules\express\lib\response.js:624:15)
    at ServerResponse.sendStatus (D:\Orel\FULL STACK\שיעורי בית ותרגולים\AMPM\Backend\node_modules\express\lib\response.js:373:8)
    at D:\Orel\FULL STACK\שיעורי בית ותרגולים\AMPM\Backend\src\6-controllers\controller.ts:22:33
    at step (D:\Orel\FULL STACK\שיעורי בית ותרגולים\AMPM\Backend\src\6-controllers\controller.ts:33:23)
    at Object.next (D:\Orel\FULL STACK\שיעורי בית ותרגולים\AMPM\Backend\src\6-controllers\controller.ts:14:53)
    at fulfilled (D:\Orel\FULL STACK\שיעורי בית ותרגולים\AMPM\Backend\src\6-controllers\controller.ts:5:58)
    at processTicksAndRejections (node:internal/process/task_queues:95:5)
----------------------------------------------------------------------------------------------------
